#
# A fatal error has been detected by the Java Runtime Environment:
#
#  EXCEPTION_ILLEGAL_INSTRUCTION (0xc000001d) at pc=0x00007ffe10187119, pid=3444, tid=5272
#
# JRE version: Java(TM) SE Runtime Environment (18.0.2.1+1) (build 18.0.2.1+1-1)
# Java VM: Java HotSpot(TM) 64-Bit Server VM (18.0.2.1+1-1, mixed mode, sharing, tiered, compressed oops, compressed class ptrs, g1 gc, windows-amd64)
# Problematic frame:
# V  [jvm.dll+0x197119]
#
# No core dump will be written. Minidumps are not enabled by default on client versions of Windows
#
# If you would like to submit a bug report, please visit:
#   https://bugreport.java.com/bugreport/crash.jsp
#

---------------  S U M M A R Y ------------

Command Line: -javaagent:C:\Users\farou\AppData\Local\Temp\16960679775750068795957340237132538847297879385663.jar -Djava.awt.headless=true -Dfile.encoding=windows-1252 -Duser.country=CO -Duser.language=es -Duser.variant org.pitest.mutationtest.execute.MutationTestMinion 55824

Host: AMD Ryzen 7 4800HS with Radeon Graphics         , 16 cores, 15G,  Windows 11 , 64 bit Build 22621 (10.0.22621.2215)
Time: Sat Sep 30 05:00:14 2023 Hora est. Pacífico, Sudamérica elapsed time: 0.541568 seconds (0d 0h 0m 0s)

---------------  T H R E A D  ---------------

Current thread (0x000002d4d6e32000):  JavaThread "C1 CompilerThread2" daemon [_thread_in_native, id=5272, stack(0x000000dc55800000,0x000000dc55900000)]


Current CompileTask:
C1:    541 1120       3       java.lang.ClassLoader::defineClass (43 bytes)

Stack: [0x000000dc55800000,0x000000dc55900000],  sp=0x000000dc558fe6f0,  free space=1017k
Native frames: (J=compiled Java code, j=interpreted, Vv=VM code, C=native code)
V  [jvm.dll+0x197119]
V  [jvm.dll+0x15e60b]
V  [jvm.dll+0x1486b8]
V  [jvm.dll+0x148840]
V  [jvm.dll+0x148b26]
V  [jvm.dll+0x147f9a]
V  [jvm.dll+0x149c81]
V  [jvm.dll+0x23ee0a]
V  [jvm.dll+0x23d0f5]
V  [jvm.dll+0x7a6dd1]
V  [jvm.dll+0x7a120a]
V  [jvm.dll+0x698255]
C  [ucrtbase.dll+0x29363]
C  [KERNEL32.DLL+0x1257d]
C  [ntdll.dll+0x5aa68]


siginfo: EXCEPTION_ILLEGAL_INSTRUCTION (0xc000001d)


Register to memory mapping:

RIP=0x00007ffe10187119 jvm.dll
RAX=0x0000000000000007 is an unknown value
RBX=0x0000000000000014 is an unknown value
RCX=0x000002d4d74a07f0 points into unknown readable memory: 0x000002d4d6ea8ca0 | a0 8c ea d6 d4 02 00 00
RDX=0x0000000000000004 is an unknown value
RSP=0x000000dc558fe6f0 is pointing into the stack for thread: 0x000002d4d6e32000
RBP=0x0000000000000008 is an unknown value
RSI=0x0000000000000009 is an unknown value
RDI=0x000002d4d74a1748 points into unknown readable memory: 0x000002d4d749fe38 | 38 fe 49 d7 d4 02 00 00
R8 =0x000002d4d74a17e8 points into unknown readable memory: 0x0000010101000001 | 01 00 00 01 01 01 00 00
R9 =0x0 is NULL
R10=0x0 is NULL
R11=0x000002d4d74a17e8 points into unknown readable memory: 0x0000010101000001 | 01 00 00 01 01 01 00 00
R12=0x000002d4d6ea8ca0 points into unknown readable memory: 0x00007ffe108e0040 | 40 00 8e 10 fe 7f 00 00
R13=0x000002d4d74a17ec points into unknown readable memory: 01 01 00 00
R14=0x000002d4d749fe38 points into unknown readable memory: 0x00007ffe108e0040 | 40 00 8e 10 fe 7f 00 00
R15=0x0 is NULL


Registers:
RAX=0x0000000000000007, RBX=0x0000000000000014, RCX=0x000002d4d74a07f0, RDX=0x0000000000000004
RSP=0x000000dc558fe6f0, RBP=0x0000000000000008, RSI=0x0000000000000009, RDI=0x000002d4d74a1748
R8 =0x000002d4d74a17e8, R9 =0x0000000000000000, R10=0x0000000000000000, R11=0x000002d4d74a17e8
R12=0x000002d4d6ea8ca0, R13=0x000002d4d74a17ec, R14=0x000002d4d749fe38, R15=0x0000000000000000
RIP=0x00007ffe10187119, EFLAGS=0x0000000000010207

Top of Stack: (sp=0x000000dc558fe6f0)
0x000000dc558fe6f0:   0000000000000014 000000dc558fe828
0x000000dc558fe700:   000002d4d22615b0 000000dc558fe889
0x000000dc558fe710:   000002d4d6e25fe0 000000dc558fe7b9
0x000000dc558fe720:   000002d4d749be60 0000000000010388
0x000000dc558fe730:   000002d4d74a1500 000002d4d74a3e48
0x000000dc558fe740:   00007ffe108e5340 000000dc558fe828
0x000000dc558fe750:   000002d4d74a15e8 000002d4d74a1500
0x000000dc558fe760:   000002d4d74a1528 0000001400000014
0x000000dc558fe770:   000002d4d74a1548 0000000000000000
0x000000dc558fe780:   00007ffe108e51c0 000000dc558fe740
0x000000dc558fe790:   0000000000000000 000002d4d74a0de8
0x000000dc558fe7a0:   0000000000000000 000002d4b6a7b390
0x000000dc558fe7b0:   00007ffe10aab770 000000dc558ff2f0
0x000000dc558fe7c0:   000002d4ad7f0580 000002d4d6da9930
0x000000dc558fe7d0:   000000dc558fe889 0000000000000000
0x000000dc558fe7e0:   000000dc558feb30 00007ffe1014e60b 

Instructions: (pc=0x00007ffe10187119)
0x00007ffe10187019:   27 48 8b d0 44 8b c5 48 2b f8 44 8b cd 66 66 0f
0x00007ffe10187029:   1f 84 00 00 00 00 00 48 8b 0c 17 48 89 0a 48 8d
0x00007ffe10187039:   52 08 49 83 e8 01 75 ef 44 3b cb 7d 18 49 63 c1
0x00007ffe10187049:   44 8b c3 45 2b c1 33 d2 49 c1 e0 03 48 8d 0c c6
0x00007ffe10187059:   e8 44 8f 6b 00 48 8b fe 48 63 c5 48 8d 54 24 28
0x00007ffe10187069:   ff c5 4c 89 7c 24 28 41 ff c6 4c 89 3c c7 41 c6
0x00007ffe10187079:   04 24 01 48 8b 4c 24 68 e8 3a 8b e7 ff 48 8b 54
0x00007ffe10187089:   24 68 8b 0a 85 c9 7e 34 0f 1f 40 00 66 66 66 0f
0x00007ffe10187099:   1f 84 00 00 00 00 00 8d 41 ff 89 02 48 8b 52 08
0x00007ffe101870a9:   8b c1 48 8d 4c 24 50 48 8b 54 c2 f8 e8 d6 03 00
0x00007ffe101870b9:   00 48 8b 54 24 68 8b 0a 85 c9 7f db 4c 8b 84 24
0x00007ffe101870c9:   08 01 00 00 48 8b 8c 24 10 01 00 00 4d 85 ed 0f
0x00007ffe101870d9:   8f e2 fe ff ff 8b 94 24 00 01 00 00 45 33 ff 48
0x00007ffe101870e9:   8b 89 d8 00 00 00 48 89 8c 24 10 01 00 00 48 8b
0x00007ffe101870f9:   41 68 48 85 c0 74 04 8b 00 eb 03 41 8b c7 4c 63
0x00007ffe10187109:   f8 85 c0 0f 8e df 00 00 00 8d 75 01 66 66 66 0f
0x00007ffe10187119:   1f 84 00 00 00 00 00 48 8b 41 68 49 ff cf 48 8b
0x00007ffe10187129:   48 08 4e 8b 24 f9 4d 63 6c 24 68 4d 03 e8 41 80
0x00007ffe10187139:   7d 00 00 0f 85 97 00 00 00 3b eb 0f 85 7f 00 00
0x00007ffe10187149:   00 85 f6 74 0b 8d 46 ff 85 c6 75 04 8b de eb 0c
0x00007ffe10187159:   0f bd ce bb 01 00 00 00 ff c1 d3 e3 ba 08 00 00
0x00007ffe10187169:   00 8b cb e8 cf 54 1d 00 45 33 c9 4c 8b f0 85 ed
0x00007ffe10187179:   7e 26 48 8b c8 44 8b c5 48 2b f8 44 8b cd 66 0f
0x00007ffe10187189:   1f 84 00 00 00 00 00 48 8b 14 0f 48 89 11 48 8d
0x00007ffe10187199:   49 08 49 83 e8 01 75 ef 44 3b cb 7d 18 49 63 c1
0x00007ffe101871a9:   44 8b c3 45 2b c1 33 d2 49 c1 e0 03 49 8d 0c c6
0x00007ffe101871b9:   e8 e4 8d 6b 00 4c 8b 84 24 08 01 00 00 49 8b fe
0x00007ffe101871c9:   48 63 c5 ff c5 ff c6 4c 89 24 c7 41 c6 45 00 01
0x00007ffe101871d9:   48 8b 8c 24 10 01 00 00 4d 85 ff 0f 8f 36 ff ff
0x00007ffe101871e9:   ff 8b 94 24 00 01 00 00 48 8b 84 24 18 01 00 00
0x00007ffe101871f9:   ff c2 48 83 c0 08 89 94 24 00 01 00 00 48 89 84
0x00007ffe10187209:   24 18 01 00 00 3b d5 0f 8c 7a fd ff ff 4c 8b bc 


Stack slot to memory mapping:
stack at sp + 0 slots: 0x0000000000000014 is an unknown value
stack at sp + 1 slots: 0x000000dc558fe828 is pointing into the stack for thread: 0x000002d4d6e32000
stack at sp + 2 slots: 0x000002d4d22615b0 points into unknown readable memory: 0x0000000000000000 | 00 00 00 00 00 00 00 00
stack at sp + 3 slots: 0x000000dc558fe889 is pointing into the stack for thread: 0x000002d4d6e32000
stack at sp + 4 slots: 0x000002d4d6e25fe0 points into unknown readable memory: 0x0000000000000007 | 07 00 00 00 00 00 00 00
stack at sp + 5 slots: 0x000000dc558fe7b9 is pointing into the stack for thread: 0x000002d4d6e32000
stack at sp + 6 slots: 0x000002d4d749be60 points into unknown readable memory: 0x0000000000000000 | 00 00 00 00 00 00 00 00
stack at sp + 7 slots: 0x0000000000010388 is an unknown value


---------------  P R O C E S S  ---------------

Threads class SMR info:
_java_thread_list=0x000002d4d6f45a30, length=16, elements={
0x000002d4ad801020, 0x000002d4d221b8d0, 0x000002d4d221c530, 0x000002d4d2236260,
0x000002d4d2237210, 0x000002d4d2237bb0, 0x000002d4d2238550, 0x000002d4d223b230,
0x000002d4d2247530, 0x000002d4d224ba60, 0x000002d4d6e2bda0, 0x000002d4d6e316f0,
0x000002d4d6e32000, 0x000002d4d6e32800, 0x000002d4d6ef5700, 0x000002d4d6e1f160
}

Java Threads: ( => current thread )
  0x000002d4ad801020 JavaThread "main" [_thread_in_vm, id=6212, stack(0x000000dc54600000,0x000000dc54700000)]
  0x000002d4d221b8d0 JavaThread "Reference Handler" daemon [_thread_blocked, id=9424, stack(0x000000dc54d00000,0x000000dc54e00000)]
  0x000002d4d221c530 JavaThread "Finalizer" daemon [_thread_blocked, id=5308, stack(0x000000dc54e00000,0x000000dc54f00000)]
  0x000002d4d2236260 JavaThread "Signal Dispatcher" daemon [_thread_blocked, id=20596, stack(0x000000dc54f00000,0x000000dc55000000)]
  0x000002d4d2237210 JavaThread "Attach Listener" daemon [_thread_blocked, id=5800, stack(0x000000dc55000000,0x000000dc55100000)]
  0x000002d4d2237bb0 JavaThread "Service Thread" daemon [_thread_blocked, id=304, stack(0x000000dc55100000,0x000000dc55200000)]
  0x000002d4d2238550 JavaThread "Monitor Deflation Thread" daemon [_thread_blocked, id=12464, stack(0x000000dc55200000,0x000000dc55300000)]
  0x000002d4d223b230 JavaThread "C2 CompilerThread0" daemon [_thread_in_native, id=1936, stack(0x000000dc55300000,0x000000dc55400000)]
  0x000002d4d2247530 JavaThread "C1 CompilerThread0" daemon [_thread_blocked, id=6612, stack(0x000000dc55400000,0x000000dc55500000)]
  0x000002d4d224ba60 JavaThread "Sweeper thread" daemon [_thread_blocked, id=16692, stack(0x000000dc55500000,0x000000dc55600000)]
  0x000002d4d6e2bda0 JavaThread "Common-Cleaner" daemon [_thread_blocked, id=10056, stack(0x000000dc55600000,0x000000dc55700000)]
  0x000002d4d6e316f0 JavaThread "C1 CompilerThread1" daemon [_thread_blocked, id=5712, stack(0x000000dc55700000,0x000000dc55800000)]
=>0x000002d4d6e32000 JavaThread "C1 CompilerThread2" daemon [_thread_in_native, id=5272, stack(0x000000dc55800000,0x000000dc55900000)]
  0x000002d4d6e32800 JavaThread "C1 CompilerThread3" daemon [_thread_blocked, id=8840, stack(0x000000dc55900000,0x000000dc55a00000)]
  0x000002d4d6ef5700 JavaThread "Notification Thread" daemon [_thread_blocked, id=14652, stack(0x000000dc55a00000,0x000000dc55b00000)]
  0x000002d4d6e1f160 JavaThread "C2 CompilerThread1" daemon [_thread_blocked, id=16772, stack(0x000000dc55c00000,0x000000dc55d00000)]

Other Threads:
  0x000002d4ad896440 VMThread "VM Thread" [stack: 0x000000dc54c00000,0x000000dc54d00000] [id=18540]
  0x000002d4d6ef5bc0 WatcherThread "VM Periodic Task Thread" [stack: 0x000000dc55b00000,0x000000dc55c00000] [id=4452]
  0x000002d4ad60e670 WorkerThread "GC Thread#0" [stack: 0x000000dc54700000,0x000000dc54800000] [id=12644]
  0x000002d4ad87ed40 ConcurrentGCThread "G1 Main Marker" [stack: 0x000000dc54800000,0x000000dc54900000] [id=16156]
  0x000002d4ad87f640 WorkerThread "G1 Conc#0" [stack: 0x000000dc54900000,0x000000dc54a00000] [id=18320]
  0x000002d4ad89e430 ConcurrentGCThread "G1 Refine#0" [stack: 0x000000dc54a00000,0x000000dc54b00000] [id=13596]
  0x000002d4d20d3f20 ConcurrentGCThread "G1 Service" [stack: 0x000000dc54b00000,0x000000dc54c00000] [id=9280]

Threads with active compile tasks:
C2 CompilerThread0      573 1178       4       jdk.internal.org.objectweb.asm.Symbol::<init> (38 bytes)
C1 CompilerThread2      573 1120       3       java.lang.ClassLoader::defineClass (43 bytes)

VM state: not at safepoint (normal execution)

VM Mutex/Monitor currently owned by a thread: None

Heap address: 0x0000000709200000, size: 3950 MB, Compressed Oops mode: Zero based, Oop shift amount: 3

CDS archive(s) mapped at: [0x0000000800000000-0x0000000800ba0000-0x0000000800ba0000), size 12189696, SharedBaseAddress: 0x0000000800000000, ArchiveRelocationMode: 0.
Compressed class space mapped at: 0x0000000800c00000-0x0000000840c00000, reserved size: 1073741824
Narrow klass base: 0x0000000800000000, Narrow klass shift: 0, Narrow klass range: 0x100000000

GC Precious Log:
 CardTable entry size: 512
 Card Set container configuration: InlinePtr #cards 4 size 8 Array Of Cards #cards 16 size 48 Howl #buckets 8 coarsen threshold 3686 Howl Bitmap #cards 512 size 80 coarsen threshold 460 Card regions per heap region 1 cards per card region 4096
 CPUs: 16 total, 16 available
 Memory: 15792M
 Large Page Support: Disabled
 NUMA Support: Disabled
 Compressed Oops: Enabled (Zero based)
 Heap Region Size: 2M
 Heap Min Capacity: 8M
 Heap Initial Capacity: 248M
 Heap Max Capacity: 3950M
 Pre-touch: Disabled
 Parallel Workers: 13
 Concurrent Workers: 3
 Concurrent Refinement Workers: 13
 Periodic GC: Disabled

Heap:
 garbage-first heap   total 253952K, used 20480K [0x0000000709200000, 0x0000000800000000)
  region size 2048K, 11 young (22528K), 0 survivors (0K)
 Metaspace       used 4400K, committed 4608K, reserved 1114112K
  class space    used 516K, committed 640K, reserved 1048576K

Heap Regions: E=young(eden), S=young(survivor), O=old, HS=humongous(starts), HC=humongous(continues), CS=collection set, F=free, OA=open archive, CA=closed archive, TAMS=top-at-mark-start (previous, next)
|   0|0x0000000709200000, 0x0000000709200000, 0x0000000709400000|  0%| F|  |TAMS 0x0000000709200000, 0x0000000709200000| Untracked 
|   1|0x0000000709400000, 0x0000000709400000, 0x0000000709600000|  0%| F|  |TAMS 0x0000000709400000, 0x0000000709400000| Untracked 
|   2|0x0000000709600000, 0x0000000709600000, 0x0000000709800000|  0%| F|  |TAMS 0x0000000709600000, 0x0000000709600000| Untracked 
|   3|0x0000000709800000, 0x0000000709800000, 0x0000000709a00000|  0%| F|  |TAMS 0x0000000709800000, 0x0000000709800000| Untracked 
|   4|0x0000000709a00000, 0x0000000709a00000, 0x0000000709c00000|  0%| F|  |TAMS 0x0000000709a00000, 0x0000000709a00000| Untracked 
|   5|0x0000000709c00000, 0x0000000709c00000, 0x0000000709e00000|  0%| F|  |TAMS 0x0000000709c00000, 0x0000000709c00000| Untracked 
|   6|0x0000000709e00000, 0x0000000709e00000, 0x000000070a000000|  0%| F|  |TAMS 0x0000000709e00000, 0x0000000709e00000| Untracked 
|   7|0x000000070a000000, 0x000000070a000000, 0x000000070a200000|  0%| F|  |TAMS 0x000000070a000000, 0x000000070a000000| Untracked 
|   8|0x000000070a200000, 0x000000070a200000, 0x000000070a400000|  0%| F|  |TAMS 0x000000070a200000, 0x000000070a200000| Untracked 
|   9|0x000000070a400000, 0x000000070a400000, 0x000000070a600000|  0%| F|  |TAMS 0x000000070a400000, 0x000000070a400000| Untracked 
|  10|0x000000070a600000, 0x000000070a600000, 0x000000070a800000|  0%| F|  |TAMS 0x000000070a600000, 0x000000070a600000| Untracked 
|  11|0x000000070a800000, 0x000000070a800000, 0x000000070aa00000|  0%| F|  |TAMS 0x000000070a800000, 0x000000070a800000| Untracked 
|  12|0x000000070aa00000, 0x000000070aa00000, 0x000000070ac00000|  0%| F|  |TAMS 0x000000070aa00000, 0x000000070aa00000| Untracked 
|  13|0x000000070ac00000, 0x000000070ac00000, 0x000000070ae00000|  0%| F|  |TAMS 0x000000070ac00000, 0x000000070ac00000| Untracked 
|  14|0x000000070ae00000, 0x000000070ae00000, 0x000000070b000000|  0%| F|  |TAMS 0x000000070ae00000, 0x000000070ae00000| Untracked 
|  15|0x000000070b000000, 0x000000070b000000, 0x000000070b200000|  0%| F|  |TAMS 0x000000070b000000, 0x000000070b000000| Untracked 
|  16|0x000000070b200000, 0x000000070b200000, 0x000000070b400000|  0%| F|  |TAMS 0x000000070b200000, 0x000000070b200000| Untracked 
|  17|0x000000070b400000, 0x000000070b400000, 0x000000070b600000|  0%| F|  |TAMS 0x000000070b400000, 0x000000070b400000| Untracked 
|  18|0x000000070b600000, 0x000000070b600000, 0x000000070b800000|  0%| F|  |TAMS 0x000000070b600000, 0x000000070b600000| Untracked 
|  19|0x000000070b800000, 0x000000070b800000, 0x000000070ba00000|  0%| F|  |TAMS 0x000000070b800000, 0x000000070b800000| Untracked 
|  20|0x000000070ba00000, 0x000000070ba00000, 0x000000070bc00000|  0%| F|  |TAMS 0x000000070ba00000, 0x000000070ba00000| Untracked 
|  21|0x000000070bc00000, 0x000000070bc00000, 0x000000070be00000|  0%| F|  |TAMS 0x000000070bc00000, 0x000000070bc00000| Untracked 
|  22|0x000000070be00000, 0x000000070be00000, 0x000000070c000000|  0%| F|  |TAMS 0x000000070be00000, 0x000000070be00000| Untracked 
|  23|0x000000070c000000, 0x000000070c000000, 0x000000070c200000|  0%| F|  |TAMS 0x000000070c000000, 0x000000070c000000| Untracked 
|  24|0x000000070c200000, 0x000000070c200000, 0x000000070c400000|  0%| F|  |TAMS 0x000000070c200000, 0x000000070c200000| Untracked 
|  25|0x000000070c400000, 0x000000070c400000, 0x000000070c600000|  0%| F|  |TAMS 0x000000070c400000, 0x000000070c400000| Untracked 
|  26|0x000000070c600000, 0x000000070c600000, 0x000000070c800000|  0%| F|  |TAMS 0x000000070c600000, 0x000000070c600000| Untracked 
|  27|0x000000070c800000, 0x000000070c800000, 0x000000070ca00000|  0%| F|  |TAMS 0x000000070c800000, 0x000000070c800000| Untracked 
|  28|0x000000070ca00000, 0x000000070ca00000, 0x000000070cc00000|  0%| F|  |TAMS 0x000000070ca00000, 0x000000070ca00000| Untracked 
|  29|0x000000070cc00000, 0x000000070cc00000, 0x000000070ce00000|  0%| F|  |TAMS 0x000000070cc00000, 0x000000070cc00000| Untracked 
|  30|0x000000070ce00000, 0x000000070ce00000, 0x000000070d000000|  0%| F|  |TAMS 0x000000070ce00000, 0x000000070ce00000| Untracked 
|  31|0x000000070d000000, 0x000000070d000000, 0x000000070d200000|  0%| F|  |TAMS 0x000000070d000000, 0x000000070d000000| Untracked 
|  32|0x000000070d200000, 0x000000070d200000, 0x000000070d400000|  0%| F|  |TAMS 0x000000070d200000, 0x000000070d200000| Untracked 
|  33|0x000000070d400000, 0x000000070d400000, 0x000000070d600000|  0%| F|  |TAMS 0x000000070d400000, 0x000000070d400000| Untracked 
|  34|0x000000070d600000, 0x000000070d600000, 0x000000070d800000|  0%| F|  |TAMS 0x000000070d600000, 0x000000070d600000| Untracked 
|  35|0x000000070d800000, 0x000000070d800000, 0x000000070da00000|  0%| F|  |TAMS 0x000000070d800000, 0x000000070d800000| Untracked 
|  36|0x000000070da00000, 0x000000070da00000, 0x000000070dc00000|  0%| F|  |TAMS 0x000000070da00000, 0x000000070da00000| Untracked 
|  37|0x000000070dc00000, 0x000000070dc00000, 0x000000070de00000|  0%| F|  |TAMS 0x000000070dc00000, 0x000000070dc00000| Untracked 
|  38|0x000000070de00000, 0x000000070de00000, 0x000000070e000000|  0%| F|  |TAMS 0x000000070de00000, 0x000000070de00000| Untracked 
|  39|0x000000070e000000, 0x000000070e000000, 0x000000070e200000|  0%| F|  |TAMS 0x000000070e000000, 0x000000070e000000| Untracked 
|  40|0x000000070e200000, 0x000000070e200000, 0x000000070e400000|  0%| F|  |TAMS 0x000000070e200000, 0x000000070e200000| Untracked 
|  41|0x000000070e400000, 0x000000070e400000, 0x000000070e600000|  0%| F|  |TAMS 0x000000070e400000, 0x000000070e400000| Untracked 
|  42|0x000000070e600000, 0x000000070e600000, 0x000000070e800000|  0%| F|  |TAMS 0x000000070e600000, 0x000000070e600000| Untracked 
|  43|0x000000070e800000, 0x000000070e800000, 0x000000070ea00000|  0%| F|  |TAMS 0x000000070e800000, 0x000000070e800000| Untracked 
|  44|0x000000070ea00000, 0x000000070ea00000, 0x000000070ec00000|  0%| F|  |TAMS 0x000000070ea00000, 0x000000070ea00000| Untracked 
|  45|0x000000070ec00000, 0x000000070ec00000, 0x000000070ee00000|  0%| F|  |TAMS 0x000000070ec00000, 0x000000070ec00000| Untracked 
|  46|0x000000070ee00000, 0x000000070ee00000, 0x000000070f000000|  0%| F|  |TAMS 0x000000070ee00000, 0x000000070ee00000| Untracked 
|  47|0x000000070f000000, 0x000000070f000000, 0x000000070f200000|  0%| F|  |TAMS 0x000000070f000000, 0x000000070f000000| Untracked 
|  48|0x000000070f200000, 0x000000070f200000, 0x000000070f400000|  0%| F|  |TAMS 0x000000070f200000, 0x000000070f200000| Untracked 
|  49|0x000000070f400000, 0x000000070f400000, 0x000000070f600000|  0%| F|  |TAMS 0x000000070f400000, 0x000000070f400000| Untracked 
|  50|0x000000070f600000, 0x000000070f600000, 0x000000070f800000|  0%| F|  |TAMS 0x000000070f600000, 0x000000070f600000| Untracked 
|  51|0x000000070f800000, 0x000000070f800000, 0x000000070fa00000|  0%| F|  |TAMS 0x000000070f800000, 0x000000070f800000| Untracked 
|  52|0x000000070fa00000, 0x000000070fa00000, 0x000000070fc00000|  0%| F|  |TAMS 0x000000070fa00000, 0x000000070fa00000| Untracked 
|  53|0x000000070fc00000, 0x000000070fc00000, 0x000000070fe00000|  0%| F|  |TAMS 0x000000070fc00000, 0x000000070fc00000| Untracked 
|  54|0x000000070fe00000, 0x000000070fe00000, 0x0000000710000000|  0%| F|  |TAMS 0x000000070fe00000, 0x000000070fe00000| Untracked 
|  55|0x0000000710000000, 0x0000000710000000, 0x0000000710200000|  0%| F|  |TAMS 0x0000000710000000, 0x0000000710000000| Untracked 
|  56|0x0000000710200000, 0x0000000710200000, 0x0000000710400000|  0%| F|  |TAMS 0x0000000710200000, 0x0000000710200000| Untracked 
|  57|0x0000000710400000, 0x0000000710400000, 0x0000000710600000|  0%| F|  |TAMS 0x0000000710400000, 0x0000000710400000| Untracked 
|  58|0x0000000710600000, 0x0000000710600000, 0x0000000710800000|  0%| F|  |TAMS 0x0000000710600000, 0x0000000710600000| Untracked 
|  59|0x0000000710800000, 0x0000000710800000, 0x0000000710a00000|  0%| F|  |TAMS 0x0000000710800000, 0x0000000710800000| Untracked 
|  60|0x0000000710a00000, 0x0000000710a00000, 0x0000000710c00000|  0%| F|  |TAMS 0x0000000710a00000, 0x0000000710a00000| Untracked 
|  61|0x0000000710c00000, 0x0000000710c00000, 0x0000000710e00000|  0%| F|  |TAMS 0x0000000710c00000, 0x0000000710c00000| Untracked 
|  62|0x0000000710e00000, 0x0000000710e00000, 0x0000000711000000|  0%| F|  |TAMS 0x0000000710e00000, 0x0000000710e00000| Untracked 
|  63|0x0000000711000000, 0x0000000711000000, 0x0000000711200000|  0%| F|  |TAMS 0x0000000711000000, 0x0000000711000000| Untracked 
|  64|0x0000000711200000, 0x0000000711200000, 0x0000000711400000|  0%| F|  |TAMS 0x0000000711200000, 0x0000000711200000| Untracked 
|  65|0x0000000711400000, 0x0000000711400000, 0x0000000711600000|  0%| F|  |TAMS 0x0000000711400000, 0x0000000711400000| Untracked 
|  66|0x0000000711600000, 0x0000000711600000, 0x0000000711800000|  0%| F|  |TAMS 0x0000000711600000, 0x0000000711600000| Untracked 
|  67|0x0000000711800000, 0x0000000711800000, 0x0000000711a00000|  0%| F|  |TAMS 0x0000000711800000, 0x0000000711800000| Untracked 
|  68|0x0000000711a00000, 0x0000000711a00000, 0x0000000711c00000|  0%| F|  |TAMS 0x0000000711a00000, 0x0000000711a00000| Untracked 
|  69|0x0000000711c00000, 0x0000000711c00000, 0x0000000711e00000|  0%| F|  |TAMS 0x0000000711c00000, 0x0000000711c00000| Untracked 
|  70|0x0000000711e00000, 0x0000000711e00000, 0x0000000712000000|  0%| F|  |TAMS 0x0000000711e00000, 0x0000000711e00000| Untracked 
|  71|0x0000000712000000, 0x0000000712000000, 0x0000000712200000|  0%| F|  |TAMS 0x0000000712000000, 0x0000000712000000| Untracked 
|  72|0x0000000712200000, 0x0000000712200000, 0x0000000712400000|  0%| F|  |TAMS 0x0000000712200000, 0x0000000712200000| Untracked 
|  73|0x0000000712400000, 0x0000000712400000, 0x0000000712600000|  0%| F|  |TAMS 0x0000000712400000, 0x0000000712400000| Untracked 
|  74|0x0000000712600000, 0x0000000712600000, 0x0000000712800000|  0%| F|  |TAMS 0x0000000712600000, 0x0000000712600000| Untracked 
|  75|0x0000000712800000, 0x0000000712800000, 0x0000000712a00000|  0%| F|  |TAMS 0x0000000712800000, 0x0000000712800000| Untracked 
|  76|0x0000000712a00000, 0x0000000712a00000, 0x0000000712c00000|  0%| F|  |TAMS 0x0000000712a00000, 0x0000000712a00000| Untracked 
|  77|0x0000000712c00000, 0x0000000712c00000, 0x0000000712e00000|  0%| F|  |TAMS 0x0000000712c00000, 0x0000000712c00000| Untracked 
|  78|0x0000000712e00000, 0x0000000712e00000, 0x0000000713000000|  0%| F|  |TAMS 0x0000000712e00000, 0x0000000712e00000| Untracked 
|  79|0x0000000713000000, 0x0000000713000000, 0x0000000713200000|  0%| F|  |TAMS 0x0000000713000000, 0x0000000713000000| Untracked 
|  80|0x0000000713200000, 0x0000000713200000, 0x0000000713400000|  0%| F|  |TAMS 0x0000000713200000, 0x0000000713200000| Untracked 
|  81|0x0000000713400000, 0x0000000713400000, 0x0000000713600000|  0%| F|  |TAMS 0x0000000713400000, 0x0000000713400000| Untracked 
|  82|0x0000000713600000, 0x0000000713600000, 0x0000000713800000|  0%| F|  |TAMS 0x0000000713600000, 0x0000000713600000| Untracked 
|  83|0x0000000713800000, 0x0000000713800000, 0x0000000713a00000|  0%| F|  |TAMS 0x0000000713800000, 0x0000000713800000| Untracked 
|  84|0x0000000713a00000, 0x0000000713a00000, 0x0000000713c00000|  0%| F|  |TAMS 0x0000000713a00000, 0x0000000713a00000| Untracked 
|  85|0x0000000713c00000, 0x0000000713c00000, 0x0000000713e00000|  0%| F|  |TAMS 0x0000000713c00000, 0x0000000713c00000| Untracked 
|  86|0x0000000713e00000, 0x0000000713e00000, 0x0000000714000000|  0%| F|  |TAMS 0x0000000713e00000, 0x0000000713e00000| Untracked 
|  87|0x0000000714000000, 0x0000000714000000, 0x0000000714200000|  0%| F|  |TAMS 0x0000000714000000, 0x0000000714000000| Untracked 
|  88|0x0000000714200000, 0x0000000714200000, 0x0000000714400000|  0%| F|  |TAMS 0x0000000714200000, 0x0000000714200000| Untracked 
|  89|0x0000000714400000, 0x0000000714400000, 0x0000000714600000|  0%| F|  |TAMS 0x0000000714400000, 0x0000000714400000| Untracked 
|  90|0x0000000714600000, 0x0000000714600000, 0x0000000714800000|  0%| F|  |TAMS 0x0000000714600000, 0x0000000714600000| Untracked 
|  91|0x0000000714800000, 0x0000000714800000, 0x0000000714a00000|  0%| F|  |TAMS 0x0000000714800000, 0x0000000714800000| Untracked 
|  92|0x0000000714a00000, 0x0000000714a00000, 0x0000000714c00000|  0%| F|  |TAMS 0x0000000714a00000, 0x0000000714a00000| Untracked 
|  93|0x0000000714c00000, 0x0000000714c00000, 0x0000000714e00000|  0%| F|  |TAMS 0x0000000714c00000, 0x0000000714c00000| Untracked 
|  94|0x0000000714e00000, 0x0000000714e00000, 0x0000000715000000|  0%| F|  |TAMS 0x0000000714e00000, 0x0000000714e00000| Untracked 
|  95|0x0000000715000000, 0x0000000715000000, 0x0000000715200000|  0%| F|  |TAMS 0x0000000715000000, 0x0000000715000000| Untracked 
|  96|0x0000000715200000, 0x0000000715200000, 0x0000000715400000|  0%| F|  |TAMS 0x0000000715200000, 0x0000000715200000| Untracked 
|  97|0x0000000715400000, 0x0000000715400000, 0x0000000715600000|  0%| F|  |TAMS 0x0000000715400000, 0x0000000715400000| Untracked 
|  98|0x0000000715600000, 0x0000000715600000, 0x0000000715800000|  0%| F|  |TAMS 0x0000000715600000, 0x0000000715600000| Untracked 
|  99|0x0000000715800000, 0x0000000715800000, 0x0000000715a00000|  0%| F|  |TAMS 0x0000000715800000, 0x0000000715800000| Untracked 
| 100|0x0000000715a00000, 0x0000000715a00000, 0x0000000715c00000|  0%| F|  |TAMS 0x0000000715a00000, 0x0000000715a00000| Untracked 
| 101|0x0000000715c00000, 0x0000000715c00000, 0x0000000715e00000|  0%| F|  |TAMS 0x0000000715c00000, 0x0000000715c00000| Untracked 
| 102|0x0000000715e00000, 0x0000000715e00000, 0x0000000716000000|  0%| F|  |TAMS 0x0000000715e00000, 0x0000000715e00000| Untracked 
| 103|0x0000000716000000, 0x0000000716000000, 0x0000000716200000|  0%| F|  |TAMS 0x0000000716000000, 0x0000000716000000| Untracked 
| 104|0x0000000716200000, 0x0000000716200000, 0x0000000716400000|  0%| F|  |TAMS 0x0000000716200000, 0x0000000716200000| Untracked 
| 105|0x0000000716400000, 0x0000000716400000, 0x0000000716600000|  0%| F|  |TAMS 0x0000000716400000, 0x0000000716400000| Untracked 
| 106|0x0000000716600000, 0x0000000716600000, 0x0000000716800000|  0%| F|  |TAMS 0x0000000716600000, 0x0000000716600000| Untracked 
| 107|0x0000000716800000, 0x0000000716800000, 0x0000000716a00000|  0%| F|  |TAMS 0x0000000716800000, 0x0000000716800000| Untracked 
| 108|0x0000000716a00000, 0x0000000716a00000, 0x0000000716c00000|  0%| F|  |TAMS 0x0000000716a00000, 0x0000000716a00000| Untracked 
| 109|0x0000000716c00000, 0x0000000716c00000, 0x0000000716e00000|  0%| F|  |TAMS 0x0000000716c00000, 0x0000000716c00000| Untracked 
| 110|0x0000000716e00000, 0x0000000716e00000, 0x0000000717000000|  0%| F|  |TAMS 0x0000000716e00000, 0x0000000716e00000| Untracked 
| 111|0x0000000717000000, 0x0000000717000000, 0x0000000717200000|  0%| F|  |TAMS 0x0000000717000000, 0x0000000717000000| Untracked 
| 112|0x0000000717200000, 0x0000000717200000, 0x0000000717400000|  0%| F|  |TAMS 0x0000000717200000, 0x0000000717200000| Untracked 
| 113|0x0000000717400000, 0x00000007175d3da0, 0x0000000717600000| 91%| E|  |TAMS 0x0000000717400000, 0x0000000717400000| Complete 
| 114|0x0000000717600000, 0x0000000717800000, 0x0000000717800000|100%| E|CS|TAMS 0x0000000717600000, 0x0000000717600000| Complete 
| 115|0x0000000717800000, 0x0000000717a00000, 0x0000000717a00000|100%| E|CS|TAMS 0x0000000717800000, 0x0000000717800000| Complete 
| 116|0x0000000717a00000, 0x0000000717c00000, 0x0000000717c00000|100%| E|CS|TAMS 0x0000000717a00000, 0x0000000717a00000| Complete 
| 117|0x0000000717c00000, 0x0000000717e00000, 0x0000000717e00000|100%| E|CS|TAMS 0x0000000717c00000, 0x0000000717c00000| Complete 
| 118|0x0000000717e00000, 0x0000000718000000, 0x0000000718000000|100%| E|CS|TAMS 0x0000000717e00000, 0x0000000717e00000| Complete 
| 119|0x0000000718000000, 0x0000000718200000, 0x0000000718200000|100%| E|CS|TAMS 0x0000000718000000, 0x0000000718000000| Complete 
| 120|0x0000000718200000, 0x0000000718400000, 0x0000000718400000|100%| E|CS|TAMS 0x0000000718200000, 0x0000000718200000| Complete 
| 121|0x0000000718400000, 0x0000000718600000, 0x0000000718600000|100%| E|CS|TAMS 0x0000000718400000, 0x0000000718400000| Complete 
| 122|0x0000000718600000, 0x0000000718800000, 0x0000000718800000|100%| E|CS|TAMS 0x0000000718600000, 0x0000000718600000| Complete 
| 123|0x0000000718800000, 0x0000000718a00000, 0x0000000718a00000|100%| E|CS|TAMS 0x0000000718800000, 0x0000000718800000| Complete 

Card table byte_map: [0x000002d4c7060000,0x000002d4c7820000] _byte_map_base: 0x000002d4c3817000

Marking Bits (Prev, Next): (CMBitMap*) 0x000002d4ad86ef80, (CMBitMap*) 0x000002d4ad86efc0
 Prev Bits: [0x000002d4c7fe0000, 0x000002d4cbd98000)
 Next Bits: [0x000002d4cbda0000, 0x000002d4cfb58000)

Polling page: 0x000002d4ad8a0000

Metaspace:

Usage:
  Non-class:      3.81 MB used.
      Class:    519.00 KB used.
       Both:      4.31 MB used.

Virtual space:
  Non-class space:       64.00 MB reserved,       3.94 MB (  6%) committed,  1 nodes.
      Class space:        1.00 GB reserved,     640.00 KB ( <1%) committed,  1 nodes.
             Both:        1.06 GB reserved,       4.56 MB ( <1%) committed. 

Chunk freelists:
   Non-Class:  2.72 MB
       Class:  3.20 MB
        Both:  5.92 MB

MaxMetaspaceSize: unlimited
CompressedClassSpaceSize: 1.00 GB
Initial GC threshold: 21.00 MB
Current GC threshold: 21.00 MB
CDS: on
MetaspaceReclaimPolicy: balanced
 - commit_granule_bytes: 65536.
 - commit_granule_words: 8192.
 - virtual_space_node_default_size: 8388608.
 - enlarge_chunks_in_place: 1.
 - new_chunks_are_fully_committed: 0.
 - uncommit_free_chunks: 1.
 - use_allocation_guard: 0.


Internal statistics:

num_allocs_failed_limit: 0.
num_arena_births: 136.
num_arena_deaths: 0.
num_vsnodes_births: 2.
num_vsnodes_deaths: 0.
num_space_committed: 73.
num_space_uncommitted: 0.
num_chunks_returned_to_freelist: 0.
num_chunks_taken_from_freelist: 255.
num_chunk_merges: 0.
num_chunk_splits: 142.
num_chunks_enlarged: 75.
num_inconsistent_stats: 0.

CodeHeap 'non-profiled nmethods': size=119168Kb used=317Kb max_used=317Kb free=118850Kb
 bounds [0x000002d4be480000, 0x000002d4be6f0000, 0x000002d4c58e0000]
CodeHeap 'profiled nmethods': size=119104Kb used=2155Kb max_used=2155Kb free=116949Kb
 bounds [0x000002d4b7030000, 0x000002d4b72a0000, 0x000002d4be480000]
CodeHeap 'non-nmethods': size=7488Kb used=2851Kb max_used=2879Kb free=4636Kb
 bounds [0x000002d4b68e0000, 0x000002d4b6bc0000, 0x000002d4b7030000]
 total_blobs=1634 nmethods=1188 adapters=356
 compilation: enabled
              stopped_count=0, restarted_count=0
 full_count=0

Compilation events (20 events):
Event: 0.533 Thread 0x000002d4d6e316f0 nmethod 1135 0x000002d4b7233410 code [0x000002d4b72335c0, 0x000002d4b7233788]
Event: 0.533 Thread 0x000002d4d6e316f0 1137       3       java.util.jar.JavaUtilJarAccessImpl::getTrustedAttributes (6 bytes)
Event: 0.533 Thread 0x000002d4d6e316f0 nmethod 1137 0x000002d4b7233890 code [0x000002d4b7233a40, 0x000002d4b7233ba8]
Event: 0.533 Thread 0x000002d4d6e316f0 1138       3       java.util.jar.Manifest::getTrustedAttributes (57 bytes)
Event: 0.533 Thread 0x000002d4d2247530 nmethod 1134 0x000002d4b7233c90 code [0x000002d4b7233ec0, 0x000002d4b7234588]
Event: 0.533 Thread 0x000002d4d2247530 1139       3       java.util.jar.Manifest::getAttributes (14 bytes)
Event: 0.533 Thread 0x000002d4d6e32800 nmethod 1136 0x000002d4b7234910 code [0x000002d4b7234b20, 0x000002d4b7235158]
Event: 0.533 Thread 0x000002d4d6e32800 1145       3       java.util.zip.ZipFile$InflaterCleanupAction::run (12 bytes)
Event: 0.533 Thread 0x000002d4d6e1f160 1149       4       java.lang.StringLatin1::toLowerCase (186 bytes)
Event: 0.533 Thread 0x000002d4d2247530 nmethod 1139 0x000002d4b7235310 code [0x000002d4b72354c0, 0x000002d4b72357a8]
Event: 0.533 Thread 0x000002d4d2247530 1146   !   3       java.util.zip.ZipFile$CleanableResource::releaseInflater (53 bytes)
Event: 0.533 Thread 0x000002d4d6e32800 nmethod 1145 0x000002d4b7235890 code [0x000002d4b7235a40, 0x000002d4b7235ba8]
Event: 0.533 Thread 0x000002d4d6e32800 1147   !   3       java.util.zip.Inflater::reset (64 bytes)
Event: 0.533 Thread 0x000002d4d6e32800 nmethod 1147 0x000002d4b7235c90 code [0x000002d4b7235e60, 0x000002d4b72361f8]
Event: 0.533 Thread 0x000002d4d2247530 nmethod 1146 0x000002d4b7236390 code [0x000002d4b7236580, 0x000002d4b72369c8]
Event: 0.533 Thread 0x000002d4d6e316f0 nmethod 1138 0x000002d4b7236c90 code [0x000002d4b7236f00, 0x000002d4b72378b8]
Event: 0.535 Thread 0x000002d4d6e316f0 1150       3       java.lang.invoke.Invokers$Holder::linkToTargetMethod (9 bytes)
Event: 0.535 Thread 0x000002d4d6e316f0 nmethod 1150 0x000002d4b7237c90 code [0x000002d4b7237e40, 0x000002d4b7238218]
Event: 0.536 Thread 0x000002d4d6e32800 1152       3       jdk.internal.org.objectweb.asm.SymbolTable::addTypeInternal (85 bytes)
Event: 0.536 Thread 0x000002d4d6e32800 nmethod 1152 0x000002d4b7238310 code [0x000002d4b72384e0, 0x000002d4b7238b58]

GC Heap History (0 events):
No events

Deoptimization events (20 events):
Event: 0.325 Thread 0x000002d4ad801020 DEOPT PACKING pc=0x000002d4be492078 sp=0x000000dc546fe210
Event: 0.325 Thread 0x000002d4ad801020 DEOPT UNPACKING pc=0x000002d4b69323a3 sp=0x000000dc546fe1c0 mode 2
Event: 0.391 Thread 0x000002d4ad801020 Uncommon trap: trap_request=0xffffff45 fr.pc=0x000002d4be498ce4 relative=0x0000000000000064
Event: 0.391 Thread 0x000002d4ad801020 Uncommon trap: reason=unstable_if action=reinterpret pc=0x000002d4be498ce4 method=java.io.WinNTFileSystem.isSlash(C)Z @ 9 c2
Event: 0.391 Thread 0x000002d4ad801020 DEOPT PACKING pc=0x000002d4be498ce4 sp=0x000000dc546fe820
Event: 0.391 Thread 0x000002d4ad801020 DEOPT UNPACKING pc=0x000002d4b69323a3 sp=0x000000dc546fe7a8 mode 2
Event: 0.397 Thread 0x000002d4ad801020 DEOPT PACKING pc=0x000002d4b703e5ad sp=0x000000dc546fced0
Event: 0.397 Thread 0x000002d4ad801020 DEOPT UNPACKING pc=0x000002d4b6932b43 sp=0x000000dc546fc368 mode 0
Event: 0.400 Thread 0x000002d4ad801020 DEOPT PACKING pc=0x000002d4b708e7d6 sp=0x000000dc546fdb40
Event: 0.400 Thread 0x000002d4ad801020 DEOPT UNPACKING pc=0x000002d4b6932b43 sp=0x000000dc546fcfe0 mode 0
Event: 0.423 Thread 0x000002d4ad801020 DEOPT PACKING pc=0x000002d4b708baff sp=0x000000dc546fd170
Event: 0.423 Thread 0x000002d4ad801020 DEOPT UNPACKING pc=0x000002d4b6932b43 sp=0x000000dc546fc630 mode 0
Event: 0.453 Thread 0x000002d4ad801020 DEOPT PACKING pc=0x000002d4b7097d68 sp=0x000000dc546fd320
Event: 0.453 Thread 0x000002d4ad801020 DEOPT UNPACKING pc=0x000002d4b6932b43 sp=0x000000dc546fc7b0 mode 0
Event: 0.507 Thread 0x000002d4ad801020 DEOPT PACKING pc=0x000002d4b7040e65 sp=0x000000dc546fd070
Event: 0.507 Thread 0x000002d4ad801020 DEOPT UNPACKING pc=0x000002d4b6932b43 sp=0x000000dc546fc4c0 mode 0
Event: 0.511 Thread 0x000002d4ad801020 DEOPT PACKING pc=0x000002d4b7040e65 sp=0x000000dc546fa140
Event: 0.511 Thread 0x000002d4ad801020 DEOPT UNPACKING pc=0x000002d4b6932b43 sp=0x000000dc546f9590 mode 0
Event: 0.520 Thread 0x000002d4ad801020 DEOPT PACKING pc=0x000002d4b703eabe sp=0x000000dc546fc3b0
Event: 0.520 Thread 0x000002d4ad801020 DEOPT UNPACKING pc=0x000002d4b6932b43 sp=0x000000dc546fb828 mode 0

Classes loaded (20 events):
Event: 0.532 Loading class org/junit/jupiter/engine/discovery/MethodFinder
Event: 0.532 Loading class org/junit/jupiter/engine/discovery/MethodFinder done
Event: 0.533 Loading class org/junit/jupiter/engine/discovery/ClassOrderingVisitor
Event: 0.533 Loading class org/junit/jupiter/engine/discovery/ClassOrderingVisitor done
Event: 0.533 Loading class org/junit/jupiter/engine/discovery/AbstractOrderingVisitor
Event: 0.533 Loading class org/junit/jupiter/engine/discovery/AbstractOrderingVisitor done
Event: 0.534 Loading class org/junit/jupiter/api/ClassOrdererContext
Event: 0.534 Loading class org/junit/jupiter/api/ClassOrdererContext done
Event: 0.535 Loading class org/junit/jupiter/engine/discovery/MethodOrderingVisitor
Event: 0.535 Loading class org/junit/jupiter/engine/discovery/MethodOrderingVisitor done
Event: 0.535 Loading class org/junit/jupiter/api/MethodOrdererContext
Event: 0.535 Loading class org/junit/jupiter/api/MethodOrdererContext done
Event: 0.536 Loading class org/junit/platform/engine/TestDescriptor$Visitor
Event: 0.536 Loading class org/junit/platform/engine/TestDescriptor$Visitor done
Event: 0.536 Loading class org/junit/platform/engine/TestDescriptor
Event: 0.536 Loading class org/junit/platform/engine/TestDescriptor done
Event: 0.537 Loading class org/junit/platform/engine/support/discovery/EngineDiscoveryRequestResolution
Event: 0.537 Loading class org/junit/platform/engine/support/discovery/EngineDiscoveryRequestResolution done
Event: 0.537 Loading class org/junit/platform/engine/support/discovery/SelectorResolver$Context
Event: 0.537 Loading class org/junit/platform/engine/support/discovery/SelectorResolver$Context done

Classes unloaded (0 events):
No events

Classes redefined (0 events):
No events

Internal exceptions (20 events):
Event: 0.310 Thread 0x000002d4ad801020 Exception <a 'java/lang/NoSuchMethodError'{0x0000000717c3a4f0}: 'void java.lang.invoke.DirectMethodHandle$Holder.invokeStatic(java.lang.Object, java.lang.Object)'> (0x0000000717c3a4f0) 
thrown [s\open\src\hotspot\share\interpreter\linkResolver.cpp, line 759]
Event: 0.317 Thread 0x000002d4ad801020 Exception <a 'java/lang/NoSuchMethodError'{0x0000000717c5f228}: 'void java.lang.invoke.DirectMethodHandle$Holder.invokeStatic(java.lang.Object, java.lang.Object, java.lang.Object, java.lang.Object)'> (0x0000000717c5f228) 
thrown [s\open\src\hotspot\share\interpreter\linkResolver.cpp, line 759]
Event: 0.319 Thread 0x000002d4ad801020 Exception <a 'java/lang/NoSuchMethodError'{0x0000000717c6d3d0}: 'java.lang.Object java.lang.invoke.DirectMethodHandle$Holder.invokeStaticInit(java.lang.Object)'> (0x0000000717c6d3d0) 
thrown [s\open\src\hotspot\share\interpreter\linkResolver.cpp, line 759]
Event: 0.327 Thread 0x000002d4ad801020 Exception <a 'java/lang/NoSuchMethodError'{0x0000000717cac098}: 'int java.lang.invoke.DirectMethodHandle$Holder.invokeSpecial(java.lang.Object, java.lang.Object, java.lang.Object)'> (0x0000000717cac098) 
thrown [s\open\src\hotspot\share\interpreter\linkResolver.cpp, line 759]
Event: 0.354 Thread 0x000002d4ad801020 Exception <a 'java/lang/NoSuchMethodError'{0x0000000717d84c00}: 'long java.lang.invoke.DirectMethodHandle$Holder.invokeSpecial(java.lang.Object, java.lang.Object)'> (0x0000000717d84c00) 
thrown [s\open\src\hotspot\share\interpreter\linkResolver.cpp, line 759]
Event: 0.355 Thread 0x000002d4ad801020 Exception <a 'java/lang/NoSuchMethodError'{0x0000000717d88298}: 'long java.lang.invoke.Invokers$Holder.invokeExact_MT(java.lang.Object, java.lang.Object)'> (0x0000000717d88298) 
thrown [s\open\src\hotspot\share\interpreter\linkResolver.cpp, line 759]
Event: 0.365 Thread 0x000002d4ad801020 Exception <a 'java/lang/NoSuchMethodError'{0x0000000717ddaf28}: 'void java.lang.invoke.DirectMethodHandle$Holder.invokeSpecial(java.lang.Object, java.lang.Object, java.lang.Object)'> (0x0000000717ddaf28) 
thrown [s\open\src\hotspot\share\interpreter\linkResolver.cpp, line 759]
Event: 0.419 Thread 0x000002d4ad801020 Exception <a 'java/lang/NoSuchMethodError'{0x0000000717bdbca8}: 'java.lang.Object java.lang.invoke.DirectMethodHandle$Holder.invokeInterface(java.lang.Object, java.lang.Object)'> (0x0000000717bdbca8) 
thrown [s\open\src\hotspot\share\interpreter\linkResolver.cpp, line 759]
Event: 0.422 Thread 0x000002d4ad801020 Exception <a 'java/lang/NoSuchMethodError'{0x0000000717bf3688}: 'void java.lang.invoke.DirectMethodHandle$Holder.invokeStaticInit(java.lang.Object, java.lang.Object)'> (0x0000000717bf3688) 
thrown [s\open\src\hotspot\share\interpreter\linkResolver.cpp, line 759]
Event: 0.425 Thread 0x000002d4ad801020 Exception <a 'java/lang/NoSuchMethodError'{0x000000071780c5f8}: 'int java.lang.invoke.DirectMethodHandle$Holder.invokeSpecialIFC(java.lang.Object, java.lang.Object, java.lang.Object)'> (0x000000071780c5f8) 
thrown [s\open\src\hotspot\share\interpreter\linkResolver.cpp, line 759]
Event: 0.431 Thread 0x000002d4ad801020 Exception <a 'java/lang/NoSuchMethodError'{0x00000007178471d8}: 'java.lang.Object java.lang.invoke.Invokers$Holder.invokeExact_MT(java.lang.Object, java.lang.Object, java.lang.Object, java.lang.Object, java.lang.Object, java.lang.Object)'> (0x00000007178471d8) 
thrown [s\open\src\hotspot\share\interpreter\linkResolver.cpp, line 759]
Event: 0.432 Thread 0x000002d4ad801020 Exception <a 'java/lang/NoSuchMethodError'{0x0000000717855598}: 'void java.lang.invoke.DirectMethodHandle$Holder.invokeInterface(java.lang.Object, java.lang.Object, java.lang.Object)'> (0x0000000717855598) 
thrown [s\open\src\hotspot\share\interpreter\linkResolver.cpp, line 759]
Event: 0.439 Thread 0x000002d4ad801020 Exception <a 'java/lang/NoSuchMethodError'{0x0000000717893028}: 'int java.lang.invoke.DirectMethodHandle$Holder.invokeInterface(java.lang.Object, java.lang.Object)'> (0x0000000717893028) 
thrown [s\open\src\hotspot\share\interpreter\linkResolver.cpp, line 759]
Event: 0.440 Thread 0x000002d4ad801020 Exception <a 'java/lang/IncompatibleClassChangeError'{0x0000000717896508}: Found class java.lang.Object, but interface was expected> (0x0000000717896508) 
thrown [s\open\src\hotspot\share\interpreter\linkResolver.cpp, line 826]
Event: 0.476 Thread 0x000002d4ad801020 Exception <a 'java/lang/NoSuchMethodError'{0x00000007176238b0}: 'java.lang.Object java.lang.invoke.DirectMethodHandle$Holder.invokeVirtual(java.lang.Object, java.lang.Object, java.lang.Object)'> (0x00000007176238b0) 
thrown [s\open\src\hotspot\share\interpreter\linkResolver.cpp, line 759]
Event: 0.495 Thread 0x000002d4ad801020 Exception <a 'java/lang/NoSuchMethodError'{0x00000007176d77b8}: 'int java.lang.invoke.DirectMethodHandle$Holder.invokeVirtual(java.lang.Object, java.lang.Object)'> (0x00000007176d77b8) 
thrown [s\open\src\hotspot\share\interpreter\linkResolver.cpp, line 759]
Event: 0.501 Thread 0x000002d4ad801020 Exception <a 'java/lang/NoSuchMethodError'{0x0000000717711460}: 'java.lang.Object java.lang.invoke.DirectMethodHandle$Holder.invokeStaticInit(java.lang.Object, int)'> (0x0000000717711460) 
thrown [s\open\src\hotspot\share\interpreter\linkResolver.cpp, line 759]
Event: 0.519 Thread 0x000002d4ad801020 Exception <a 'java/lang/NoSuchMethodError'{0x00000007177c1198}: 'int java.lang.invoke.DirectMethodHandle$Holder.invokeSpecialIFC(java.lang.Object, java.lang.Object, java.lang.Object, java.lang.Object)'> (0x00000007177c1198) 
thrown [s\open\src\hotspot\share\interpreter\linkResolver.cpp, line 759]
Event: 0.536 Thread 0x000002d4ad801020 Exception <a 'java/lang/NoSuchMethodError'{0x0000000717469bb8}: 'void java.lang.invoke.DirectMethodHandle$Holder.invokeInterface(java.lang.Object, java.lang.Object)'> (0x0000000717469bb8) 
thrown [s\open\src\hotspot\share\interpreter\linkResolver.cpp, line 759]
Event: 0.536 Thread 0x000002d4ad801020 Exception <a 'java/lang/IncompatibleClassChangeError'{0x000000071746d140}: Found class java.lang.Object, but interface was expected> (0x000000071746d140) 
thrown [s\open\src\hotspot\share\interpreter\linkResolver.cpp, line 826]

VM Operations (14 events):
Event: 0.106 Executing VM operation: HandshakeAllThreads
Event: 0.106 Executing VM operation: HandshakeAllThreads done
Event: 0.295 Executing VM operation: HandshakeAllThreads
Event: 0.295 Executing VM operation: HandshakeAllThreads done
Event: 0.352 Executing VM operation: HandshakeAllThreads
Event: 0.352 Executing VM operation: HandshakeAllThreads done
Event: 0.385 Executing VM operation: HandshakeAllThreads
Event: 0.385 Executing VM operation: HandshakeAllThreads done
Event: 0.387 Executing VM operation: HandshakeAllThreads
Event: 0.387 Executing VM operation: HandshakeAllThreads done
Event: 0.391 Executing VM operation: HandshakeAllThreads
Event: 0.391 Executing VM operation: HandshakeAllThreads done
Event: 0.481 Executing VM operation: HandshakeAllThreads
Event: 0.481 Executing VM operation: HandshakeAllThreads done

Events (20 events):
Event: 0.033 Thread 0x000002d4d2237210 Thread added: 0x000002d4d2237210
Event: 0.033 Thread 0x000002d4d2237bb0 Thread added: 0x000002d4d2237bb0
Event: 0.033 Thread 0x000002d4d2238550 Thread added: 0x000002d4d2238550
Event: 0.033 Thread 0x000002d4d223b230 Thread added: 0x000002d4d223b230
Event: 0.033 Thread 0x000002d4d2247530 Thread added: 0x000002d4d2247530
Event: 0.033 Thread 0x000002d4d224ba60 Thread added: 0x000002d4d224ba60
Event: 0.101 Thread 0x000002d4d6e2bda0 Thread added: 0x000002d4d6e2bda0
Event: 0.106 Thread 0x000002d4d6e316f0 Thread added: 0x000002d4d6e316f0
Event: 0.106 Thread 0x000002d4d6e32000 Thread added: 0x000002d4d6e32000
Event: 0.107 Thread 0x000002d4d6e32800 Thread added: 0x000002d4d6e32800
Event: 0.116 Loaded shared library C:\Program Files\Java\jdk-18.0.2.1\bin\instrument.dll
Event: 0.121 Thread 0x000002d4d6ef5700 Thread added: 0x000002d4d6ef5700
Event: 0.126 Loaded shared library C:\Program Files\Java\jdk-18.0.2.1\bin\net.dll
Event: 0.127 Loaded shared library C:\Program Files\Java\jdk-18.0.2.1\bin\nio.dll
Event: 0.131 Loaded shared library C:\Program Files\Java\jdk-18.0.2.1\bin\zip.dll
Event: 0.142 Loaded shared library C:\Program Files\Java\jdk-18.0.2.1\bin\jimage.dll
Event: 0.168 Thread 0x000002d4d6e1f160 Thread added: 0x000002d4d6e1f160
Event: 0.286 Loaded shared library C:\Program Files\Java\jdk-18.0.2.1\bin\verify.dll
Event: 0.320 Loaded shared library C:\Program Files\Java\jdk-18.0.2.1\bin\management.dll
Event: 0.322 Loaded shared library C:\Program Files\Java\jdk-18.0.2.1\bin\management_ext.dll


Dynamic libraries:
0x00007ff673450000 - 0x00007ff673460000 	C:\Program Files\Java\jdk-18.0.2.1\bin\java.exe
0x00007ffe9ba50000 - 0x00007ffe9bc64000 	C:\WINDOWS\SYSTEM32\ntdll.dll
0x00007ffe99c00000 - 0x00007ffe99cc4000 	C:\WINDOWS\System32\KERNEL32.DLL
0x00007ffe98e00000 - 0x00007ffe991a4000 	C:\WINDOWS\System32\KERNELBASE.dll
0x00007ffe99640000 - 0x00007ffe99751000 	C:\WINDOWS\System32\ucrtbase.dll
0x00007ffe896a0000 - 0x00007ffe896ba000 	C:\Program Files\Java\jdk-18.0.2.1\bin\VCRUNTIME140.dll
0x00007ffe896c0000 - 0x00007ffe896d8000 	C:\Program Files\Java\jdk-18.0.2.1\bin\jli.dll
0x00007ffe9b840000 - 0x00007ffe9b8f0000 	C:\WINDOWS\System32\ADVAPI32.dll
0x00007ffe9aca0000 - 0x00007ffe9ad47000 	C:\WINDOWS\System32\msvcrt.dll
0x00007ffe999a0000 - 0x00007ffe99a46000 	C:\WINDOWS\System32\sechost.dll
0x00007ffe9b8f0000 - 0x00007ffe9ba07000 	C:\WINDOWS\System32\RPCRT4.dll
0x00007ffe9b690000 - 0x00007ffe9b83e000 	C:\WINDOWS\System32\USER32.dll
0x00007ffe99270000 - 0x00007ffe99296000 	C:\WINDOWS\System32\win32u.dll
0x00007ffe98040000 - 0x00007ffe982d3000 	C:\WINDOWS\WinSxS\amd64_microsoft.windows.common-controls_6595b64144ccf1df_6.0.22621.2215_none_270d72677387dfc3\COMCTL32.dll
0x00007ffe9ac70000 - 0x00007ffe9ac99000 	C:\WINDOWS\System32\GDI32.dll
0x00007ffe99480000 - 0x00007ffe99598000 	C:\WINDOWS\System32\gdi32full.dll
0x00007ffe995a0000 - 0x00007ffe9963a000 	C:\WINDOWS\System32\msvcp_win.dll
0x00007ffe971f0000 - 0x00007ffe971fa000 	C:\WINDOWS\SYSTEM32\VERSION.dll
0x00007ffe9a240000 - 0x00007ffe9a271000 	C:\WINDOWS\System32\IMM32.DLL
0x00007ffe90a20000 - 0x00007ffe90a2c000 	C:\Program Files\Java\jdk-18.0.2.1\bin\vcruntime140_1.dll
0x00007ffe89610000 - 0x00007ffe8969d000 	C:\Program Files\Java\jdk-18.0.2.1\bin\msvcp140.dll
0x00007ffe0fff0000 - 0x00007ffe10c01000 	C:\Program Files\Java\jdk-18.0.2.1\bin\server\jvm.dll
0x00007ffe99a50000 - 0x00007ffe99a58000 	C:\WINDOWS\System32\PSAPI.DLL
0x00007ffe958b0000 - 0x00007ffe958e4000 	C:\WINDOWS\SYSTEM32\WINMM.dll
0x00007ffe6fd40000 - 0x00007ffe6fd49000 	C:\WINDOWS\SYSTEM32\WSOCK32.dll
0x00007ffe9b530000 - 0x00007ffe9b5a1000 	C:\WINDOWS\System32\WS2_32.dll
0x00007ffe96f30000 - 0x00007ffe96f48000 	C:\WINDOWS\SYSTEM32\kernel.appcore.dll
0x00007ffe88950000 - 0x00007ffe8895a000 	C:\Program Files\Java\jdk-18.0.2.1\bin\jimage.dll
0x00007ffe98780000 - 0x00007ffe989ae000 	C:\WINDOWS\SYSTEM32\DBGHELP.DLL
0x00007ffe9aeb0000 - 0x00007ffe9b23a000 	C:\WINDOWS\System32\combase.dll
0x00007ffe9b390000 - 0x00007ffe9b467000 	C:\WINDOWS\System32\OLEAUT32.dll
0x00007ffe985f0000 - 0x00007ffe98622000 	C:\WINDOWS\SYSTEM32\dbgcore.DLL
0x00007ffe99760000 - 0x00007ffe997da000 	C:\WINDOWS\System32\bcryptPrimitives.dll
0x00007ffe88940000 - 0x00007ffe8894e000 	C:\Program Files\Java\jdk-18.0.2.1\bin\instrument.dll
0x00007ffe88520000 - 0x00007ffe88545000 	C:\Program Files\Java\jdk-18.0.2.1\bin\java.dll
0x00007ffe88500000 - 0x00007ffe88518000 	C:\Program Files\Java\jdk-18.0.2.1\bin\zip.dll
0x00007ffe85340000 - 0x00007ffe85416000 	C:\Program Files\Java\jdk-18.0.2.1\bin\jsvml.dll
0x00007ffe9a440000 - 0x00007ffe9ac63000 	C:\WINDOWS\System32\SHELL32.dll
0x00007ffe95e30000 - 0x00007ffe9671a000 	C:\WINDOWS\SYSTEM32\windows.storage.dll
0x00007ffe95cf0000 - 0x00007ffe95e2e000 	C:\WINDOWS\SYSTEM32\wintypes.dll
0x00007ffe9adb0000 - 0x00007ffe9aea3000 	C:\WINDOWS\System32\SHCORE.dll
0x00007ffe99cd0000 - 0x00007ffe99d2e000 	C:\WINDOWS\System32\shlwapi.dll
0x00007ffe98d30000 - 0x00007ffe98d56000 	C:\WINDOWS\SYSTEM32\profapi.dll
0x00007ffe85320000 - 0x00007ffe85333000 	C:\Program Files\Java\jdk-18.0.2.1\bin\net.dll
0x00007ffe91ce0000 - 0x00007ffe91e17000 	C:\WINDOWS\SYSTEM32\WINHTTP.dll
0x00007ffe97c10000 - 0x00007ffe97c79000 	C:\WINDOWS\system32\mswsock.dll
0x00007ffe85300000 - 0x00007ffe85316000 	C:\Program Files\Java\jdk-18.0.2.1\bin\nio.dll
0x00007ffe852f0000 - 0x00007ffe85300000 	C:\Program Files\Java\jdk-18.0.2.1\bin\verify.dll
0x00007ffe96a60000 - 0x00007ffe96b52000 	C:\WINDOWS\SYSTEM32\DNSAPI.dll
0x00007ffe969f0000 - 0x00007ffe96a1d000 	C:\WINDOWS\SYSTEM32\IPHLPAPI.DLL
0x00007ffe9ad70000 - 0x00007ffe9ad79000 	C:\WINDOWS\System32\NSI.dll
0x00007ffe909c0000 - 0x00007ffe909ca000 	C:\Windows\System32\rasadhlp.dll
0x00007ffe90f10000 - 0x00007ffe90f94000 	C:\WINDOWS\System32\fwpuclnt.dll
0x00007ffe85190000 - 0x00007ffe85199000 	C:\Program Files\Java\jdk-18.0.2.1\bin\management.dll
0x00007ffe85180000 - 0x00007ffe8518b000 	C:\Program Files\Java\jdk-18.0.2.1\bin\management_ext.dll

dbghelp: loaded successfully - version: 4.0.5 - missing functions: none
symbol engine: initialized successfully - sym options: 0x614 - pdb path: .;C:\Program Files\Java\jdk-18.0.2.1\bin;C:\WINDOWS\SYSTEM32;C:\WINDOWS\WinSxS\amd64_microsoft.windows.common-controls_6595b64144ccf1df_6.0.22621.2215_none_270d72677387dfc3;C:\Program Files\Java\jdk-18.0.2.1\bin\server

VM Arguments:
jvm_args: -javaagent:C:\Users\farou\AppData\Local\Temp\16960679775750068795957340237132538847297879385663.jar -Djava.awt.headless=true -Dfile.encoding=windows-1252 -Duser.country=CO -Duser.language=es -Duser.variant 
java_command: org.pitest.mutationtest.execute.MutationTestMinion 55824
java_class_path (initial): C:\Users\farou\.gradle\caches\modules-2\files-2.1\org.pitest\pitest-junit5-plugin\1.0.0\2ef6a73e80f1cf4176838de0516921aa14b2d473\pitest-junit5-plugin-1.0.0.jar;C:\Users\farou\.gradle\caches\modules-2\files-2.1\org.pitest\pitest\1.9.4\d482d208d9061baeaf8714e95e45aac873203129\pitest-1.9.4.jar;C:\Users\farou\Documents\SEMESTRE 6\DISEÑO Y ARQUITECTURA DE SOFTWARE\REPOSITORIOS\Proyecto-Reservas-Arquitectura-de-Software\build\classes\java\test;C:\Users\farou\Documents\SEMESTRE 6\DISEÑO Y ARQUITECTURA DE SOFTWARE\REPOSITORIOS\Proyecto-Reservas-Arquitectura-de-Software\build\classes\java\main;C:\Users\farou\Documents\SEMESTRE 6\DISEÑO Y ARQUITECTURA DE SOFTWARE\REPOSITORIOS\Proyecto-Reservas-Arquitectura-de-Software\build\resources\main;C:\Users\farou\.gradle\caches\modules-2\files-2.1\org.springframework.boot\spring-boot-starter-web\2.7.14\300b311c5fb98a2ee547df33a9d37782dddb496e\spring-boot-starter-web-2.7.14.jar;C:\Users\farou\.gradle\caches\modules-2\files-2.1\org.springframework.boot\spring-boot-starter-data-jpa\2.7.14\ad7d3be24a386ec45ce020b8922e9d056f7a6835\spring-boot-starter-data-jpa-2.7.14.jar;C:\Users\farou\.gradle\caches\modules-2\files-2.1\org.modelmapper\modelmapper\2.1.1\a983407fe1c7ae31845c7f80a323d01c25c21ca4\modelmapper-2.1.1.jar;C:\Users\farou\.gradle\caches\modules-2\files-2.1\io.springfox\springfox-boot-starter\3.0.0\5486365e263f8acca014b97efa50c3419d58e8f6\springfox-boot-starter-3.0.0.jar;C:\Users\farou\.gradle\caches\modules-2\files-2.1\com.h2database\h2\2.2.220\afd532e4f29d309ae053e57c853916551c777807\h2-2.2.220.jar;C:\Users\farou\.gradle\caches\modules-2\files-2.1\org.springframework.boot\spring-boot-starter-test\2.7.14\271dd314bbd13c71e45e8001cb7bb22e3495da83\spring-boot-starter-test-2.7.14.jar;C:\Users\farou\.gradle\caches\modules-2\files-2.1\org.springframework.boot\spring-boot-starter-json\2.7.14\34fbe387993dafef8b2c29516ebe54fec7108181\spring-boot-starter-json-2.7.14.jar;C:\Users\farou\.gradle\caches\modules-2\files-2.1\org.springframework.boot\spring-boot-starter-aop\2.7.14\c4fb902f51ab09247de60c463761980d0d1a5888\spring-boot-starter-aop-2.7.14.jar;C:\Users\farou\.gradle\caches\modules-2\files-2.1\org.springframework.boot\spring-boot-starter-jdbc\2.7.14\80b80408b6b75ce0dc2833cb07fd1ce6620d1f3b\spring-boot-starter-jdbc-2.7.14.jar;C:\Users\farou\.gradle\caches\modules-2\files-2.1\org.springframework.boot\spring-boot-starter\2.7.14\5506200907ff3c3458506a8e16866c684f28bdbd\spring-boot-starter-2.7.14.jar;C:\Users\farou\.gradle\caches\modules-2\files-2.1\org.springframework.boot\spring-boot-starter-tomcat\2.7.14\e203b8792f4bcfaa1d07956adb6dee7014a20881\spring-boot-starter-tomcat-2.7.14.jar;C:\Users\farou\.gradle\caches\modules-2\files-2.1\org.springframework\spring-webmvc\5.3.29\fdaefee29fcb8459aab748b571d8bb7bb7fdb175\spring-webmvc-5.3.29.jar;C:\Users\farou\.gradle\caches\modules-2\files-2.1\org.springframework\spring-web\5.3.29\4cd333e48d9a05d05c05ae7426242ecfe4cfb681\spring-web-5.3.29.jar;C:\Users\farou\.gradle\caches\modules-2\files-2.1\jakarta.transaction\jakarta.transaction-api\1.3.3\c4179d48720a1e87202115fbed6089bdc4195405\jakarta.transaction-api-1.3.3.jar;C:\Users\farou\.gradle\caches\modules-2\files-2.1\jakarta.persistence\jakarta.persistence-api\2.2.3\8f6ea5daedc614f07a3654a455660145286f024e\jakarta.persistence-api-2.2.3.jar;C:\Users\farou\.gradle\caches\modules-2\files-2.1\org.hibernate\hibernate-core\5.6.15.Final\ab14b7cef1fdff654ca81923048a6034d6c7cfa7\hibernate-core-5.6.15.Final.jar;C:\Users\farou\.gradle\caches\modules-2\files-2.1\org.springframework.data\spring-data-jpa\2.7.14\d5f2e34cce48ed4d668e760db200e854cbbe4d87\spring-data-jpa-2.7.14.jar;C:\Users\farou\.gradle\caches\modules-2\files-2.1\org.springframework\spring-aspects\5.3.29\dbcf1c1ce847b0fb186b5dde18968c9a46900f28\spring-aspects-5.3.29.jar;C:\Users\farou\.gradle\caches\modules-2\files-2.1\com.mysql\mysql-connector-j\8.0.33\9e64d997873abc4318620264703d3fdb6b02dd5a\mysql-connector-j-8.0.33.jar;C:\Users\farou\.gradle\caches\modules-2\files-2.1\io.springfox\springfox-oas\3.0.0\e7bc9c1319cf1b64ae714a249c3db3b8fe01e42b\springfox-oas-3.0.0.jar;C:\Users\farou\.gradle\caches\modules-2\files-2.1\io.springfox\springfox-data-rest\3.0.0\40f5e834d6696ae1d3212fa5a2d5e1ec406bedc0\springfox-data-rest-3.0.0.jar;C:\Users\farou\.gradle\caches\modules-2\files-2.1\io.springfox\springfox-bean-validators\3.0.0\80c646fdebe5f2b2b337a5a686e540fee0b7304f\springfox-bean-validators-3.0.0.jar;C:\Users\farou\.gradle\caches\modules-2\files-2.1\io.springfox\springfox-swagger2\3.0.0\7bcb18d496576eff76ef7bb72684e149cbb75c1d\springfox-swagger2-3.0.0.jar;C:\Users\farou\.gradle\caches\modules-2\files-2.1\io.springfox\springfox-swagger-ui\3.0.0\1e665fbe22148f7c36fa8a08e515a0047cd4390b\springfox-swagger-ui-3.0.0.jar;C:\Users\farou\.gradle\caches\modules-2\files-2.1\io.springfox\springfox-swagger-common\3.0.0\2e2fae840984cfcabfd50e1b4b1c23422135ba12\springfox-swagger-common-3.0.0.jar;C:\Users\farou\.gradle\caches\modules-2\files-2.1\io.springfox\springfox-spring-webmvc\3.0.0\7ed22363fdfd651cd811c0b2391f16bddb91db8b\springfox-spring-webmvc-3.0.0.jar;C:\Users\farou\.gradle\caches\modules-2\files-2.1\io.springfox\springfox-spring-webflux\3.0.0\efccbcfe1d23f2ba520bd87cc156bf2b81f3568e\springfox-spring-webflux-3.0.0.jar;C:\Users\farou\.gradle\caches\modules-2\files-2.1\io.springfox\springfox-spring-web\3.0.0\a76f2fbe805bfd2798e20dc8f2cfbfad554d52da\springfox-spring-web-3.0.0.jar;C:\Users\farou\.gradle\caches\modules-2\files-2.1\io.springfox\springfox-schema\3.0.0\32c5d6965617830ef6480fadb9030008945bcd9c\springfox-schema-3.0.0.jar;C:\Users\farou\.gradle\caches\modules-2\files-2.1\io.springfox\springfox-spi\3.0.0\bae0b820d4b5a922063d34a42aaf4f763308b828\springfox-spi-3.0.0.jar;C:\Users\farou\.gradle\caches\modules-2\files-2.1\io.springfox\springfox-core\3.0.0\7c3367ce577c8acd9bf64c74488c9269253516c9\springfox-core-3.0.0.jar;C:\Users\farou\.gradle\caches\modules-2\files-2.1\com.fasterxml\classmate\1.5.1\3fe0bed568c62df5e89f4f174c101eab25345b6c\classmate-1.5.1.jar;C:\Users\farou\.gradle\caches\modules-2\files-2.1\org.springframework.plugin\spring-plugin-metadata\2.0.0.RELEASE\6fb3a1fc0f05dc826687b7686ad8a5960ecdd57c\spring-plugin-metadata-2.0.0.RELEASE.jar;C:\Users\farou\.gradle\caches\modules-2\files-2.1\org.springframework.plugin\spring-plugin-core\2.0.0.RELEASE\95fc8c13037630f4aba9c51141f535becec00fe6\spring-plugin-core-2.0.0.RELEASE.jar;C:\Users\farou\.gradle\caches\modules-2\files-2.1\com.jayway.jsonpath\json-path\2.7.0\f9d7d9659f2694e61142046ff8a216c047f263e8\json-path-2.7.0.jar;C:\Users\farou\.gradle\caches\modules-2\files-2.1\com.zaxxer\HikariCP\4.0.3\107cbdf0db6780a065f895ae9d8fbf3bb0e1c21f\HikariCP-4.0.3.jar;C:\Users\farou\.gradle\caches\modules-2\files-2.1\org.springframework.data\spring-data-commons\2.7.14\c8c4825d930c9615bc7c9b42f433c9c14761fcaa\spring-data-commons-2.7.14.jar;C:\Users\farou\.gradle\caches\modules-2\files-2.1\io.swagger\swagger-models\1.5.20\fb3a23bad80c5ed84db9dd150db2cba699531458\swagger-models-1.5.20.jar;C:\Users\farou\.gradle\caches\modules-2\files-2.1\org.springframework.boot\spring-boot-starter-logging\2.7.14\ea9c060fd1e4d17cdd8a9ba3dec8076c17d22a23\spring-boot-starter-logging-2.7.14.jar;C:\Users\farou\.gradle\caches\modules-2\files-2.1\ch.qos.logback\logback-classic\1.2.12\d4dee19148dccb177a0736eb2027bd195341da78\logback-classic-1.2.12.jar;C:\Users\farou\.gradle\caches\modules-2\files-2.1\org.apache.logging.log4j\log4j-to-slf4j\2.17.2\17dd0fae2747d9a28c67bc9534108823d2376b46\log4j-to-slf4j-2.17.2.jar;C:\Users\farou\.gradle\caches\modules-2\files-2.1\org.slf4j\jul-to-slf4j\1.7.36\ed46d81cef9c412a88caef405b58f93a678ff2ca\jul-to-slf4j-1.7.36.jar;C:\Users\farou\.gradle\caches\modules-2\files-2.1\org.slf4j\slf4j-api\1.7.36\6c62681a2f655b49963a5983b8b0950a6120ae14\slf4j-api-1.7.36.jar;C:\Users\farou\.gradle\caches\modules-2\files-2.1\org.springframework.boot\spring-boot-test-autoconfigure\2.7.14\18fea4b54ebfe87a91c69fa9931c374f67d20e77\spring-boot-test-autoconfigure-2.7.14.jar;C:\Users\farou\.gradle\caches\modules-2\files-2.1\org.springframework.boot\spring-boot-test\2.7.14\d6bca0cd863734c070c788b8228d8a7200209c5c\spring-boot-test-2.7.14.jar;C:\Users\farou\.gradle\caches\modules-2\files-2.1\org.glassfish.jaxb\jaxb-runtime\2.3.8\c90a335a07c60db986f29d35b0f8ac0a18f0f989\jaxb-runtime-2.3.8.jar;C:\Users\farou\.gradle\caches\modules-2\files-2.1\jakarta.xml.bind\jakarta.xml.bind-api\2.3.3\48e3b9cfc10752fba3521d6511f4165bea951801\jakarta.xml.bind-api-2.3.3.jar;C:\Users\farou\.gradle\caches\modules-2\files-2.1\org.assertj\assertj-core\3.22.0\c300c0c6a24559f35fa0bd3a5472dc1edcd0111e\assertj-core-3.22.0.jar;C:\Users\farou\.gradle\caches\modules-2\files-2.1\org.hamcrest\hamcrest\2.2\1820c0968dba3a11a1b30669bb1f01978a91dedc\hamcrest-2.2.jar;C:\Users\farou\.gradle\caches\modules-2\files-2.1\org.mockito\mockito-junit-jupiter\4.5.1\f81fb60bd69b3a6e5537ae23b883326f01632a61\mockito-junit-jupiter-4.5.1.jar;C:\Users\farou\.gradle\caches\modules-2\files-2.1\org.junit.jupiter\junit-jupiter-params\5.8.2\ddeafe92fc263f895bfb73ffeca7fd56e23c2cce\junit-jupiter-params-5.8.2.jar;C:\Users\farou\.gradle\caches\modules-2\files-2.1\org.junit.jupiter\junit-jupiter-engine\5.8.2\c598b4328d2f397194d11df3b1648d68d7d990e3\junit-jupiter-engine-5.8.2.jar;C:\Users\farou\.gradle\caches\modules-2\files-2.1\org.junit.jupiter\junit-jupiter-api\5.8.2\4c21029217adf07e4c0d0c5e192b6bf610c94bdc\junit-jupiter-api-5.8.2.jar;C:\Users\farou\.gradle\caches\modules-2\files-2.1\org.junit.platform\junit-platform-engine\1.8.2\b737de09f19864bd136805c84df7999a142fec29\junit-platform-engine-1.8.2.jar;C:\Users\farou\.gradle\caches\modules-2\files-2.1\org.junit.platform\junit-platform-commons\1.8.2\32c8b8617c1342376fd5af2053da6410d8866861\junit-platform-commons-1.8.2.jar;C:\Users\farou\.gradle\caches\modules-2\files-2.1\org.junit.jupiter\junit-jupiter\5.8.2\5a817b1e63f1217e5c586090c45e681281f097ad\junit-jupiter-5.8.2.jar;C:\Users\farou\.gradle\caches\modules-2\files-2.1\org.mockito\mockito-core\4.5.1\ed456e623e5afc6f4cee3ae58144e5c45f3b3bf\mockito-core-4.5.1.jar;C:\Users\farou\.gradle\caches\modules-2\files-2.1\org.skyscreamer\jsonassert\1.5.1\6d842d0faf4cf6725c509a5e5347d319ee0431c3\jsonassert-1.5.1.jar;C:\Users\farou\.gradle\caches\modules-2\files-2.1\org.springframework\spring-test\5.3.29\dc55cc20f39ba89b46d59aa948c818c642da1848\spring-test-5.3.29.jar;C:\Users\farou\.gradle\caches\modules-2\files-2.1\org.springframework.boot\spring-boot-autoconfigure\2.7.14\4851957607f74fc4335858d66fb755f1b0c95006\spring-boot-autoconfigure-2.7.14.jar;C:\Users\farou\.gradle\caches\modules-2\files-2.1\org.springframework.boot\spring-boot\2.7.14\762261093a3e15388216c45d6a9ba7fdc022b74d\spring-boot-2.7.14.jar;C:\Users\farou\.gradle\caches\modules-2\files-2.1\org.springframework\spring-context\5.3.29\c374a72716d19220ca142efaab910adf5717c5d0\spring-context-5.3.29.jar;C:\Users\farou\.gradle\caches\modules-2\files-2.1\org.springframework\spring-aop\5.3.29\397c588ce63ba4c185a8c1bd2f1e9139075b3bf1\spring-aop-5.3.29.jar;C:\Users\farou\.gradle\caches\modules-2\files-2.1\org.springframework\spring-orm\5.3.29\83953e2af9c1848227239b4695c7596a0f112da3\spring-orm-5.3.29.jar;C:\Users\farou\.gradle\caches\modules-2\files-2.1\org.springframework\spring-jdbc\5.3.29\25c0b36f780af98b2d3b554e9a6258ac599b6115\spring-jdbc-5.3.29.jar;C:\Users\farou\.gradle\caches\modules-2\files-2.1\org.springframework\spring-tx\5.3.29\dd26c6e31db036c3f96c24e8ff3b769a00dfc999\spring-tx-5.3.29.jar;C:\Users\farou\.gradle\caches\modules-2\files-2.1\org.springframework\spring-beans\5.3.29\be40f557f3fa52c703f00e127ff639f8cf499617\spring-beans-5.3.29.jar;C:\Users\farou\.gradle\caches\modules-2\files-2.1\org.springframework\spring-expression\5.3.29\44ac795a057c4a6360063801c54a2d148e5a2808\spring-expression-5.3.29.jar;C:\Users\farou\.gradle\caches\modules-2\files-2.1\org.springframework\spring-core\5.3.29\528eafe4cef7bccf3df290dd99ac5833a9756183\spring-core-5.3.29.jar;C:\Users\farou\.gradle\caches\modules-2\files-2.1\org.xmlunit\xmlunit-core\2.9.1\e5833662d9a1279a37da3ef6f62a1da29fcd68c4\xmlunit-core-2.9.1.jar;C:\Users\farou\.gradle\caches\modules-2\files-2.1\jakarta.annotation\jakarta.annotation-api\1.3.5\59eb84ee0d616332ff44aba065f3888cf002cd2d\jakarta.annotation-api-1.3.5.jar;C:\Users\farou\.gradle\caches\modules-2\files-2.1\org.yaml\snakeyaml\1.30\8fde7fe2586328ac3c68db92045e1c8759125000\snakeyaml-1.30.jar;C:\Users\farou\.gradle\caches\modules-2\files-2.1\com.fasterxml.jackson.datatype\jackson-datatype-jsr310\2.13.5\8ba3b868e81d7fc6ead686bd2353859b111d9eaf\jackson-datatype-jsr310-2.13.5.jar;C:\Users\farou\.gradle\caches\modules-2\files-2.1\com.fasterxml.jackson.module\jackson-module-parameter-names\2.13.5\a401a99e7a45450fd3ef76e82ba39005fd1a8c22\jackson-module-parameter-names-2.13.5.jar;C:\Users\farou\.gradle\caches\modules-2\files-2.1\io.swagger.core.v3\swagger-models\2.1.2\e7edeed6456a16d707542c003af03a594ecafe3a\swagger-models-2.1.2.jar;C:\Users\farou\.gradle\caches\modules-2\files-2.1\com.fasterxml.jackson.core\jackson-annotations\2.13.5\136f77ab424f302c9e27230b4482e8000e142edf\jackson-annotations-2.13.5.jar;C:\Users\farou\.gradle\caches\modules-2\files-2.1\com.fasterxml.jackson.core\jackson-core\2.13.5\d07c97d3de9ea658caf1ff1809fd9de930a286a\jackson-core-2.13.5.jar;C:\Users\farou\.gradle\caches\modules-2\files-2.1\com.fasterxml.jackson.datatype\jackson-datatype-jdk8\2.13.5\1278f38160812811c56eb77f67213662ed1c7a2e\jackson-datatype-jdk8-2.13.5.jar;C:\Users\farou\.gradle\caches\modules-2\files-2.1\com.fasterxml.jackson.core\jackson-databind\2.13.5\aa95e46dbc32454f3983221d420e78ef19ddf844\jackson-databind-2.13.5.jar;C:\Users\farou\.gradle\caches\modules-2\files-2.1\org.apache.tomcat.embed\tomcat-embed-websocket\9.0.78\3d389e849edf92d5bc6a778a47428581773af3d6\tomcat-embed-websocket-9.0.78.jar;C:\Users\farou\.gradle\caches\modules-2\files-2.1\org.apache.tomcat.embed\tomcat-embed-core\9.0.78\ff73a2003d4b066b9affdc70827f6e8d282ab723\tomcat-embed-core-9.0.78.jar;C:\Users\farou\.gradle\caches\modules-2\files-2.1\org.apache.tomcat.embed\tomcat-embed-el\9.0.78\a39a2f2839516a5d3c05a4c0d7d1252a114a5b91\tomcat-embed-el-9.0.78.jar;C:\Users\farou\.gradle\caches\modules-2\files-2.1\org.aspectj\aspectjweaver\1.9.7\158f5c255cd3e4408e795b79f7c3fbae9b53b7ca\aspectjweaver-1.9.7.jar;C:\Users\farou\.gradle\caches\modules-2\files-2.1\org.hibernate.common\hibernate-commons-annotations\5.1.2.Final\e59ffdbc6ad09eeb33507b39ffcf287679a498c8\hibernate-commons-annotations-5.1.2.Final.jar;C:\Users\farou\.gradle\caches\modules-2\files-2.1\org.jboss.logging\jboss-logging\3.4.3.Final\c4bd7e12a745c0e7f6cf98c45cdcdf482fd827ea\jboss-logging-3.4.3.Final.jar;C:\Users\farou\.gradle\caches\modules-2\files-2.1\net.bytebuddy\byte-buddy\1.12.23\d470526e8c4566c04e9ae5d3ccb62d1a7aa58986\byte-buddy-1.12.23.jar;C:\Users\farou\.gradle\caches\modules-2\files-2.1\antlr\antlr\2.7.7\83cd2cd674a217ade95a4bb83a8a14f351f48bd0\antlr-2.7.7.jar;C:\Users\farou\.gradle\caches\modules-2\files-2.1\org.jboss\jandex\2.4.2.Final\1e1c385990b258ff1a24c801e84aebbacf70eb39\jandex-2.4.2.Final.jar;C:\Users\farou\.gradle\caches\modules-2\files-2.1\io.swagger.core.v3\swagger-annotations\2.1.2\d407a33aa71444802c640080eb4d5f499b027f96\swagger-annotations-2.1.2.jar;C:\Users\farou\.gradle\caches\modules-2\files-2.1\org.mapstruct\mapstruct\1.3.1.Final\6ab184bbc7a7029738277a244e4c535fcdc3f558\mapstruct-1.3.1.Final.jar;C:\Users\farou\.gradle\caches\modules-2\files-2.1\io.swagger\swagger-annotations\1.5.20\16051f93ce11ca489a5313775d825f82fcc2cd6c\swagger-annotations-1.5.20.jar;C:\Users\farou\.gradle\caches\modules-2\files-2.1\net.minidev\json-smart\2.4.11\cc5888f14a5768f254b97bafe8b9fd29b31e872e\json-smart-2.4.11.jar;C:\Users\farou\.gradle\caches\modules-2\files-2.1\jakarta.activation\jakarta.activation-api\1.2.2\99f53adba383cb1bf7c3862844488574b559621f\jakarta.activation-api-1.2.2.jar;C:\Users\farou\.gradle\caches\modules-2\files-2.1\net.bytebuddy\byte-buddy-agent\1.12.23\1cba11fdb72c383edacb909f79ae6870efd275e4\byte-buddy-agent-1.12.23.jar;C:\Users\farou\.gradle\caches\modules-2\files-2.1\org.objenesis\objenesis\3.2\7fadf57620c8b8abdf7519533e5527367cb51f09\objenesis-3.2.jar;C:\Users\farou\.gradle\caches\modules-2\files-2.1\com.vaadin.external.google\android-json\0.0.20131108.vaadin1\fa26d351fe62a6a17f5cda1287c1c6110dec413f\android-json-0.0.20131108.vaadin1.jar;C:\Users\farou\.gradle\caches\modules-2\files-2.1\org.springframework\spring-jcl\5.3.29\4f84fbeec60adb1a50734b6077836e53844f0134\spring-jcl-5.3.29.jar;C:\Users\farou\.gradle\caches\modules-2\files-2.1\org.glassfish.jaxb\txw2\2.3.8\66e0297f1196f0d15a776e699de1b8e6ac5d44dd\txw2-2.3.8.jar;C:\Users\farou\.gradle\caches\modules-2\files-2.1\com.sun.istack\istack-commons-runtime\3.0.12\cbbe1a62b0cc6c85972e99d52aaee350153dc530\istack-commons-runtime-3.0.12.jar;C:\Users\farou\.gradle\caches\modules-2\files-2.1\com.sun.activation\jakarta.activation\1.2.2\74548703f9851017ce2f556066659438019e7eb5\jakarta.activation-1.2.2.jar;C:\Users\farou\.gradle\caches\modules-2\files-2.1\io.github.classgraph\classgraph\4.8.83\7be289f451cedf9e35ed97caba3953226b4e6d9\classgraph-4.8.83.jar;C:\Users\farou\.gradle\caches\modules-2\files-2.1\net.minidev\accessors-smart\2.4.11\245ceca7bdf3190fbb977045c852d5f3c8efece1\accessors-smart-2.4.11.jar;C:\Users\farou\.gradle\caches\modules-2\files-2.1\org.opentest4j\opentest4j\1.2.0\28c11eb91f9b6d8e200631d46e20a7f407f2a046\opentest4j-1.2.0.jar;C:\Users\farou\.gradle\caches\modules-2\files-2.1\ch.qos.logback\logback-core\1.2.12\1d8e51a698b138065d73baefb4f94531faa323cb\logback-core-1.2.12.jar;C:\Users\farou\.gradle\caches\modules-2\files-2.1\org.apache.logging.log4j\log4j-api\2.17.2\f42d6afa111b4dec5d2aea0fe2197240749a4ea6\log4j-api-2.17.2.jar;C:\Users\farou\.gradle\caches\modules-2\files-2.1\org.ow2.asm\asm\9.3\8e6300ef51c1d801a7ed62d07cd221aca3a90640\asm-9.3.jar
Launcher Type: SUN_STANDARD

[Global flags]
     intx CICompilerCount                          = 12                                        {product} {ergonomic}
     uint ConcGCThreads                            = 3                                         {product} {ergonomic}
     uint G1ConcRefinementThreads                  = 13                                        {product} {ergonomic}
   size_t G1HeapRegionSize                         = 2097152                                   {product} {ergonomic}
    uintx GCDrainStackTargetSize                   = 64                                        {product} {ergonomic}
   size_t InitialHeapSize                          = 260046848                                 {product} {ergonomic}
   size_t MarkStackSize                            = 4194304                                   {product} {ergonomic}
   size_t MaxHeapSize                              = 4141875200                                {product} {ergonomic}
   size_t MaxNewSize                               = 2485125120                                {product} {ergonomic}
   size_t MinHeapDeltaBytes                        = 2097152                                   {product} {ergonomic}
   size_t MinHeapSize                              = 8388608                                   {product} {ergonomic}
    uintx NonNMethodCodeHeapSize                   = 7602480                                {pd product} {ergonomic}
    uintx NonProfiledCodeHeapSize                  = 122027880                              {pd product} {ergonomic}
    uintx ProfiledCodeHeapSize                     = 122027880                              {pd product} {ergonomic}
    uintx ReservedCodeCacheSize                    = 251658240                              {pd product} {ergonomic}
     bool SegmentedCodeCache                       = true                                      {product} {ergonomic}
   size_t SoftMaxHeapSize                          = 4141875200                             {manageable} {ergonomic}
     bool UseCompressedClassPointers               = true                           {product lp64_product} {ergonomic}
     bool UseCompressedOops                        = true                           {product lp64_product} {ergonomic}
     bool UseG1GC                                  = true                                      {product} {ergonomic}
     bool UseLargePagesIndividualAllocation        = false                                  {pd product} {ergonomic}

Logging:
Log output configuration:
 #0: stdout all=warning uptime,level,tags foldmultilines=false
 #1: stderr all=off uptime,level,tags foldmultilines=false

Environment Variables:
JAVA_HOME=C:\Program Files\Java\jdk-14.0.2\bin
CLASSPATH=C:\Users\farou\.gradle\caches\modules-2\files-2.1\org.pitest\pitest-junit5-plugin\1.0.0\2ef6a73e80f1cf4176838de0516921aa14b2d473\pitest-junit5-plugin-1.0.0.jar;C:\Users\farou\.gradle\caches\modules-2\files-2.1\org.pitest\pitest\1.9.4\d482d208d9061baeaf8714e95e45aac873203129\pitest-1.9.4.jar;C:\Users\farou\Documents\SEMESTRE 6\DISEÑO Y ARQUITECTURA DE SOFTWARE\REPOSITORIOS\Proyecto-Reservas-Arquitectura-de-Software\build\classes\java\test;C:\Users\farou\Documents\SEMESTRE 6\DISEÑO Y ARQUITECTURA DE SOFTWARE\REPOSITORIOS\Proyecto-Reservas-Arquitectura-de-Software\build\classes\java\main;C:\Users\farou\Documents\SEMESTRE 6\DISEÑO Y ARQUITECTURA DE SOFTWARE\REPOSITORIOS\Proyecto-Reservas-Arquitectura-de-Software\build\resources\main;C:\Users\farou\.gradle\caches\modules-2\files-2.1\org.springframework.boot\spring-boot-starter-web\2.7.14\300b311c5fb98a2ee547df33a9d37782dddb496e\spring-boot-starter-web-2.7.14.jar;C:\Users\farou\.gradle\caches\modules-2\files-2.1\org.springframework.boot\spring-boot-starter-data-jpa\2.7.14\ad7d3be24a386ec45ce020b8922e9d056f7a6835\spring-boot-starter-data-jpa-2.7.14.jar;C:\Users\farou\.gradle\caches\modules-2\files-2.1\org.modelmapper\modelmapper\2.1.1\a983407fe1c7ae31845c7f80a323d01c25c21ca4\modelmapper-2.1.1.jar;C:\Users\farou\.gradle\caches\modules-2\files-2.1\io.springfox\springfox-boot-starter\3.0.0\5486365e263f8acca014b97efa50c3419d58e8f6\springfox-boot-starter-3.0.0.jar;C:\Users\farou\.gradle\caches\modules-2\files-2.1\com.h2database\h2\2.2.220\afd532e4f29d309ae053e57c853916551c777807\h2-2.2.220.jar;C:\Users\farou\.gradle\caches\modules-2\files-2.1\org.springframework.boot\spring-boot-starter-test\2.7.14\271dd314bbd13c71e45e8001cb7bb22e3495da83\spring-boot-starter-test-2.7.14.jar;C:\Users\farou\.gradle\caches\modules-2\files-2.1\org.springframework.boot\spring-boot-starter-json\2.7.14\34fbe387993dafef8b2c29516ebe54fec7108181\spring-boot-starter-json-2.7.14.jar;C:\Users\farou\.gradle\caches\modules-2\files-2.1\org.springframework.boot\spring-boot-starter-aop\2.7.14\c4fb902f51ab09247de60c463761980d0d1a5888\spring-boot-starter-aop-2.7.14.jar;C:\Users\farou\.gradle\caches\modules-2\files-2.1\org.springframework.boot\spring-boot-starter-jdbc\2.7.14\80b80408b6b75ce0dc2833cb07fd1ce6620d1f3b\spring-boot-starter-jdbc-2.7.14.jar;C:\Users\farou\.gradle\caches\modules-2\files-2.1\org.springframework.boot\spring-boot-starter\2.7.14\5506200907ff3c3458506a8e16866c684f28bdbd\spring-boot-starter-2.7.14.jar;C:\Users\farou\.gradle\caches\modules-2\files-2.1\org.springframework.boot\spring-boot-starter-tomcat\2.7.14\e203b8792f4bcfaa1d07956adb6dee7014a20881\spring-boot-starter-tomcat-2.7.14.jar;C:\Users\farou\.gradle\caches\modules-2\files-2.1\org.springframework\spring-webmvc\5.3.29\fdaefee29fcb8459aab748b571d8bb7bb7fdb175\spring-webmvc-5.3.29.jar;C:\Users\farou\.gradle\caches\modules-2\files-2.1\org.springframework\spring-web\5.3.29\4cd333e48d9a05d05c05ae7426242ecfe4cfb681\spring-web-5.3.29.jar;C:\Users\farou\.gradle\caches\modules-2\files-2.1\jakarta.transaction\jakarta.transaction-api\1.3.3\c4179d48720a1e87202115fbed6089bdc4195405\jakarta.transaction-api-1.3.3.jar;C:\Users\farou\.gradle\caches\modules-2\files-2.1\jakarta.persistence\jakarta.persistence-api\2.2.3\8f6ea5daedc614f07a3654a455660145286f024e\jakarta.persistence-api-2.2.3.jar;C:\Users\farou\.gradle\caches\modules-2\files-2.1\org.hibernate\hibernate-core\5.6.15.Final\ab14b7cef1fdff654ca81923048a6034d6c7cfa7\hibernate-core-5.6.15.Final.jar;C:\Users\farou\.gradle\caches\modules-2\files-2.1\org.springframework.data\spring-data-jpa\2.7.14\d5f2e34cce48ed4d668e760db200e854cbbe4d87\spring-data-jpa-2.7.14.jar;C:\Users\farou\.gradle\caches\modules-2\files-2.1\org.springframework\spring-aspects\5.3.29\dbcf1c1ce847b0fb186b5dde18968c9a46900f28\spring-aspects-5.3.29.jar;C:\Users\farou\.gradle\caches\modules-2\files-2.1\com.mysql\mysql-connector-j\8.0.33\9e64d997873abc4318620264703d3fdb6b02dd5a\mysql-connector-j-8.0.33.jar;C:\Users\farou\.gradle\caches\modules-2\files-2.1\io.springfox\springfox-oas\3.0.0\e7bc9c1319cf1b64ae714a249c3db3b8fe01e42b\springfox-oas-3.0.0.jar;C:\Users\farou\.gradle\caches\modules-2\files-2.1\io.springfox\springfox-data-rest\3.0.0\40f5e834d6696ae1d3212fa5a2d5e1ec406bedc0\springfox-data-rest-3.0.0.jar;C:\Users\farou\.gradle\caches\modules-2\files-2.1\io.springfox\springfox-bean-validators\3.0.0\80c646fdebe5f2b2b337a5a686e540fee0b7304f\springfox-bean-validators-3.0.0.jar;C:\Users\farou\.gradle\caches\modules-2\files-2.1\io.springfox\springfox-swagger2\3.0.0\7bcb18d496576eff76ef7bb72684e149cbb75c1d\springfox-swagger2-3.0.0.jar;C:\Users\farou\.gradle\caches\modules-2\files-2.1\io.springfox\springfox-swagger-ui\3.0.0\1e665fbe22148f7c36fa8a08e515a0047cd4390b\springfox-swagger-ui-3.0.0.jar;C:\Users\farou\.gradle\caches\modules-2\files-2.1\io.springfox\springfox-swagger-common\3.0.0\2e2fae840984cfcabfd50e1b4b1c23422135ba12\springfox-swagger-common-3.0.0.jar;C:\Users\farou\.gradle\caches\modules-2\files-2.1\io.springfox\springfox-spring-webmvc\3.0.0\7ed22363fdfd651cd811c0b2391f16bddb91db8b\springfox-spring-webmvc-3.0.0.jar;C:\Users\farou\.gradle\caches\modules-2\files-2.1\io.springfox\springfox-spring-webflux\3.0.0\efccbcfe1d23f2ba520bd87cc156bf2b81f3568e\springfox-spring-webflux-3.0.0.jar;C:\Users\farou\.gradle\caches\modules-2\files-2.1\io.springfox\springfox-spring-web\3.0.0\a76f2fbe805bfd2798e20dc8f2cfbfad554d52da\springfox-spring-web-3.0.0.jar;C:\Users\farou\.gradle\caches\modules-2\files-2.1\io.springfox\springfox-schema\3.0.0\32c5d6965617830ef6480fadb9030008945bcd9c\springfox-schema-3.0.0.jar;C:\Users\farou\.gradle\caches\modules-2\files-2.1\io.springfox\springfox-spi\3.0.0\bae0b820d4b5a922063d34a42aaf4f763308b828\springfox-spi-3.0.0.jar;C:\Users\farou\.gradle\caches\modules-2\files-2.1\io.springfox\springfox-core\3.0.0\7c3367ce577c8acd9bf64c74488c9269253516c9\springfox-core-3.0.0.jar;C:\Users\farou\.gradle\caches\modules-2\files-2.1\com.fasterxml\classmate\1.5.1\3fe0bed568c62df5e89f4f174c101eab25345b6c\classmate-1.5.1.jar;C:\Users\farou\.gradle\caches\modules-2\files-2.1\org.springframework.plugin\spring-plugin-metadata\2.0.0.RELEASE\6fb3a1fc0f05dc826687b7686ad8a5960ecdd57c\spring-plugin-metadata-2.0.0.RELEASE.jar;C:\Users\farou\.gradle\caches\modules-2\files-2.1\org.springframework.plugin\spring-plugin-core\2.0.0.RELEASE\95fc8c13037630f4aba9c51141f535becec00fe6\spring-plugin-core-2.0.0.RELEASE.jar;C:\Users\farou\.gradle\caches\modules-2\files-2.1\com.jayway.jsonpath\json-path\2.7.0\f9d7d9659f2694e61142046ff8a216c047f263e8\json-path-2.7.0.jar;C:\Users\farou\.gradle\caches\modules-2\files-2.1\com.zaxxer\HikariCP\4.0.3\107cbdf0db6780a065f895ae9d8fbf3bb0e1c21f\HikariCP-4.0.3.jar;C:\Users\farou\.gradle\caches\modules-2\files-2.1\org.springframework.data\spring-data-commons\2.7.14\c8c4825d930c9615bc7c9b42f433c9c14761fcaa\spring-data-commons-2.7.14.jar;C:\Users\farou\.gradle\caches\modules-2\files-2.1\io.swagger\swagger-models\1.5.20\fb3a23bad80c5ed84db9dd150db2cba699531458\swagger-models-1.5.20.jar;C:\Users\farou\.gradle\caches\modules-2\files-2.1\org.springframework.boot\spring-boot-starter-logging\2.7.14\ea9c060fd1e4d17cdd8a9ba3dec8076c17d22a23\spring-boot-starter-logging-2.7.14.jar;C:\Users\farou\.gradle\caches\modules-2\files-2.1\ch.qos.logback\logback-classic\1.2.12\d4dee19148dccb177a0736eb2027bd195341da78\logback-classic-1.2.12.jar;C:\Users\farou\.gradle\caches\modules-2\files-2.1\org.apache.logging.log4j\log4j-to-slf4j\2.17.2\17dd0fae2747d9a28c67bc9534108823d2376b46\log4j-to-slf4j-2.17.2.jar;C:\Users\farou\.gradle\caches\modules-2\files-2.1\org.slf4j\jul-to-slf4j\1.7.36\ed46d81cef9c412a88caef405b58f93a678ff2ca\jul-to-slf4j-1.7.36.jar;C:\Users\farou\.gradle\caches\modules-2\files-2.1\org.slf4j\slf4j-api\1.7.36\6c62681a2f655b49963a5983b8b0950a6120ae14\slf4j-api-1.7.36.jar;C:\Users\farou\.gradle\caches\modules-2\files-2.1\org.springframework.boot\spring-boot-test-autoconfigure\2.7.14\18fea4b54ebfe87a91c69fa9931c374f67d20e77\spring-boot-test-autoconfigure-2.7.14.jar;C:\Users\farou\.gradle\caches\modules-2\files-2.1\org.springframework.boot\spring-boot-test\2.7.14\d6bca0cd863734c070c788b8228d8a7200209c5c\spring-boot-test-2.7.14.jar;C:\Users\farou\.gradle\caches\modules-2\files-2.1\org.glassfish.jaxb\jaxb-runtime\2.3.8\c90a335a07c60db986f29d35b0f8ac0a18f0f989\jaxb-runtime-2.3.8.jar;C:\Users\farou\.gradle\caches\modules-2\files-2.1\jakarta.xml.bind\jakarta.xml.bind-api\2.3.3\48e3b9cfc10752fba3521d6511f4165bea951801\jakarta.xml.bind-api-2.3.3.jar;C:\Users\farou\.gradle\caches\modules-2\files-2.1\org.assertj\assertj-core\3.22.0\c300c0c6a24559f35fa0bd3a5472dc1edcd0111e\assertj-core-3.22.0.jar;C:\Users\farou\.gradle\caches\modules-2\files-2.1\org.hamcrest\hamcrest\2.2\1820c0968dba3a11a1b30669bb1f01978a91dedc\hamcrest-2.2.jar;C:\Users\farou\.gradle\caches\modules-2\files-2.1\org.mockito\mockito-junit-jupiter\4.5.1\f81fb60bd69b3a6e5537ae23b883326f01632a61\mockito-junit-jupiter-4.5.1.jar;C:\Users\farou\.gradle\caches\modules-2\files-2.1\org.junit.jupiter\junit-jupiter-params\5.8.2\ddeafe92fc263f895bfb73ffeca7fd56e23c2cce\junit-jupiter-params-5.8.2.jar;C:\Users\farou\.gradle\caches\modules-2\files-2.1\org.junit.jupiter\junit-jupiter-engine\5.8.2\c598b4328d2f397194d11df3b1648d68d7d990e3\junit-jupiter-engine-5.8.2.jar;C:\Users\farou\.gradle\caches\modules-2\files-2.1\org.junit.jupiter\junit-jupiter-api\5.8.2\4c21029217adf07e4c0d0c5e192b6bf610c94bdc\junit-jupiter-api-5.8.2.jar;C:\Users\farou\.gradle\caches\modules-2\files-2.1\org.junit.platform\junit-platform-engine\1.8.2\b737de09f19864bd136805c84df7999a142fec29\junit-platform-engine-1.8.2.jar;C:\Users\farou\.gradle\caches\modules-2\files-2.1\org.junit.platform\junit-platform-commons\1.8.2\32c8b8617c1342376fd5af2053da6410d8866861\junit-platform-commons-1.8.2.jar;C:\Users\farou\.gradle\caches\modules-2\files-2.1\org.junit.jupiter\junit-jupiter\5.8.2\5a817b1e63f1217e5c586090c45e681281f097ad\junit-jupiter-5.8.2.jar;C:\Users\farou\.gradle\caches\modules-2\files-2.1\org.mockito\mockito-core\4.5.1\ed456e623e5afc6f4cee3ae58144e5c45f3b3bf\mockito-core-4.5.1.jar;C:\Users\farou\.gradle\caches\modules-2\files-2.1\org.skyscreamer\jsonassert\1.5.1\6d842d0faf4cf6725c509a5e5347d319ee0431c3\jsonassert-1.5.1.jar;C:\Users\farou\.gradle\caches\modules-2\files-2.1\org.springframework\spring-test\5.3.29\dc55cc20f39ba89b46d59aa948c818c642da1848\spring-test-5.3.29.jar;C:\Users\farou\.gradle\caches\modules-2\files-2.1\org.springframework.boot\spring-boot-autoconfigure\2.7.14\4851957607f74fc4335858d66fb755f1b0c95006\spring-boot-autoconfigure-2.7.14.jar;C:\Users\farou\.gradle\caches\modules-2\files-2.1\org.springframework.boot\spring-boot\2.7.14\762261093a3e15388216c45d6a9ba7fdc022b74d\spring-boot-2.7.14.jar;C:\Users\farou\.gradle\caches\modules-2\files-2.1\org.springframework\spring-context\5.3.29\c374a72716d19220ca142efaab910adf5717c5d0\spring-context-5.3.29.jar;C:\Users\farou\.gradle\caches\modules-2\files-2.1\org.springframework\spring-aop\5.3.29\397c588ce63ba4c185a8c1bd2f1e9139075b3bf1\spring-aop-5.3.29.jar;C:\Users\farou\.gradle\caches\modules-2\files-2.1\org.springframework\spring-orm\5.3.29\83953e2af9c1848227239b4695c7596a0f112da3\spring-orm-5.3.29.jar;C:\Users\farou\.gradle\caches\modules-2\files-2.1\org.springframework\spring-jdbc\5.3.29\25c0b36f780af98b2d3b554e9a6258ac599b6115\spring-jdbc-5.3.29.jar;C:\Users\farou\.gradle\caches\modules-2\files-2.1\org.springframework\spring-tx\5.3.29\dd26c6e31db036c3f96c24e8ff3b769a00dfc999\spring-tx-5.3.29.jar;C:\Users\farou\.gradle\caches\modules-2\files-2.1\org.springframework\spring-beans\5.3.29\be40f557f3fa52c703f00e127ff639f8cf499617\spring-beans-5.3.29.jar;C:\Users\farou\.gradle\caches\modules-2\files-2.1\org.springframework\spring-expression\5.3.29\44ac795a057c4a6360063801c54a2d148e5a2808\spring-expression-5.3.29.jar;C:\Users\farou\.gradle\caches\modules-2\files-2.1\org.springframework\spring-core\5.3.29\528eafe4cef7bccf3df290dd99ac5833a9756183\spring-core-5.3.29.jar;C:\Users\farou\.gradle\caches\modules-2\files-2.1\org.xmlunit\xmlunit-core\2.9.1\e5833662d9a1279a37da3ef6f62a1da29fcd68c4\xmlunit-core-2.9.1.jar;C:\Users\farou\.gradle\caches\modules-2\files-2.1\jakarta.annotation\jakarta.annotation-api\1.3.5\59eb84ee0d616332ff44aba065f3888cf002cd2d\jakarta.annotation-api-1.3.5.jar;C:\Users\farou\.gradle\caches\modules-2\files-2.1\org.yaml\snakeyaml\1.30\8fde7fe2586328ac3c68db92045e1c8759125000\snakeyaml-1.30.jar;C:\Users\farou\.gradle\caches\modules-2\files-2.1\com.fasterxml.jackson.datatype\jackson-datatype-jsr310\2.13.5\8ba3b868e81d7fc6ead686bd2353859b111d9eaf\jackson-datatype-jsr310-2.13.5.jar;C:\Users\farou\.gradle\caches\modules-2\files-2.1\com.fasterxml.jackson.module\jackson-module-parameter-names\2.13.5\a401a99e7a45450fd3ef76e82ba39005fd1a8c22\jackson-module-parameter-names-2.13.5.jar;C:\Users\farou\.gradle\caches\modules-2\files-2.1\io.swagger.core.v3\swagger-models\2.1.2\e7edeed6456a16d707542c003af03a594ecafe3a\swagger-models-2.1.2.jar;C:\Users\farou\.gradle\caches\modules-2\files-2.1\com.fasterxml.jackson.core\jackson-annotations\2.13.5\136f77ab424f302c9e27230b4482e8000e142edf\jackson-annotations-2.13.5.jar;C:\Users\farou\.gradle\caches\modules-2\files-2.1\com.fasterxml.jackson.core\jackson-core\2.13.5\d07c97d3de9ea658caf1ff1809fd9de930a286a\jackson-core-2.13.5.jar;C:\Users\farou\.gradle\caches\modules-2\files-2.1\com.fasterxml.jackson.datatype\jackson-datatype-jdk8\2.13.5\1278f38160812811c56eb77f67213662ed1c7a2e\jackson-datatype-jdk8-2.13.5.jar;C:\Users\farou\.gradle\caches\modules-2\files-2.1\com.fasterxml.jackson.core\jackson-databind\2.13.5\aa95e46dbc32454f3983221d420e78ef19ddf844\jackson-databind-2.13.5.jar;C:\Users\farou\.gradle\caches\modules-2\files-2.1\org.apache.tomcat.embed\tomcat-embed-websocket\9.0.78\3d389e849edf92d5bc6a778a47428581773af3d6\tomcat-embed-websocket-9.0.78.jar;C:\Users\farou\.gradle\caches\modules-2\files-2.1\org.apache.tomcat.embed\tomcat-embed-core\9.0.78\ff73a2003d4b066b9affdc70827f6e8d282ab723\tomcat-embed-core-9.0.78.jar;C:\Users\farou\.gradle\caches\modules-2\files-2.1\org.apache.tomcat.embed\tomcat-embed-el\9.0.78\a39a2f2839516a5d3c05a4c0d7d1252a114a5b91\tomcat-embed-el-9.0.78.jar;C:\Users\farou\.gradle\caches\modules-2\files-2.1\org.aspectj\aspectjweaver\1.9.7\158f5c255cd3e4408e795b79f7c3fbae9b53b7ca\aspectjweaver-1.9.7.jar;C:\Users\farou\.gradle\caches\modules-2\files-2.1\org.hibernate.common\hibernate-commons-annotations\5.1.2.Final\e59ffdbc6ad09eeb33507b39ffcf287679a498c8\hibernate-commons-annotations-5.1.2.Final.jar;C:\Users\farou\.gradle\caches\modules-2\files-2.1\org.jboss.logging\jboss-logging\3.4.3.Final\c4bd7e12a745c0e7f6cf98c45cdcdf482fd827ea\jboss-logging-3.4.3.Final.jar;C:\Users\farou\.gradle\caches\modules-2\files-2.1\net.bytebuddy\byte-buddy\1.12.23\d470526e8c4566c04e9ae5d3ccb62d1a7aa58986\byte-buddy-1.12.23.jar;C:\Users\farou\.gradle\caches\modules-2\files-2.1\antlr\antlr\2.7.7\83cd2cd674a217ade95a4bb83a8a14f351f48bd0\antlr-2.7.7.jar;C:\Users\farou\.gradle\caches\modules-2\files-2.1\org.jboss\jandex\2.4.2.Final\1e1c385990b258ff1a24c801e84aebbacf70eb39\jandex-2.4.2.Final.jar;C:\Users\farou\.gradle\caches\modules-2\files-2.1\io.swagger.core.v3\swagger-annotations\2.1.2\d407a33aa71444802c640080eb4d5f499b027f96\swagger-annotations-2.1.2.jar;C:\Users\farou\.gradle\caches\modules-2\files-2.1\org.mapstruct\mapstruct\1.3.1.Final\6ab184bbc7a7029738277a244e4c535fcdc3f558\mapstruct-1.3.1.Final.jar;C:\Users\farou\.gradle\caches\modules-2\files-2.1\io.swagger\swagger-annotations\1.5.20\16051f93ce11ca489a5313775d825f82fcc2cd6c\swagger-annotations-1.5.20.jar;C:\Users\farou\.gradle\caches\modules-2\files-2.1\net.minidev\json-smart\2.4.11\cc5888f14a5768f254b97bafe8b9fd29b31e872e\json-smart-2.4.11.jar;C:\Users\farou\.gradle\caches\modules-2\files-2.1\jakarta.activation\jakarta.activation-api\1.2.2\99f53adba383cb1bf7c3862844488574b559621f\jakarta.activation-api-1.2.2.jar;C:\Users\farou\.gradle\caches\modules-2\files-2.1\net.bytebuddy\byte-buddy-agent\1.12.23\1cba11fdb72c383edacb909f79ae6870efd275e4\byte-buddy-agent-1.12.23.jar;C:\Users\farou\.gradle\caches\modules-2\files-2.1\org.objenesis\objenesis\3.2\7fadf57620c8b8abdf7519533e5527367cb51f09\objenesis-3.2.jar;C:\Users\farou\.gradle\caches\modules-2\files-2.1\com.vaadin.external.google\android-json\0.0.20131108.vaadin1\fa26d351fe62a6a17f5cda1287c1c6110dec413f\android-json-0.0.20131108.vaadin1.jar;C:\Users\farou\.gradle\caches\modules-2\files-2.1\org.springframework\spring-jcl\5.3.29\4f84fbeec60adb1a50734b6077836e53844f0134\spring-jcl-5.3.29.jar;C:\Users\farou\.gradle\caches\modules-2\files-2.1\org.glassfish.jaxb\txw2\2.3.8\66e0297f1196f0d15a776e699de1b8e6ac5d44dd\txw2-2.3.8.jar;C:\Users\farou\.gradle\caches\modules-2\files-2.1\com.sun.istack\istack-commons-runtime\3.0.12\cbbe1a62b0cc6c85972e99d52aaee350153dc530\istack-commons-runtime-3.0.12.jar;C:\Users\farou\.gradle\caches\modules-2\files-2.1\com.sun.activation\jakarta.activation\1.2.2\74548703f9851017ce2f556066659438019e7eb5\jakarta.activation-1.2.2.jar;C:\Users\farou\.gradle\caches\modules-2\files-2.1\io.github.classgraph\classgraph\4.8.83\7be289f451cedf9e35ed97caba3953226b4e6d9\classgraph-4.8.83.jar;C:\Users\farou\.gradle\caches\modules-2\files-2.1\net.minidev\accessors-smart\2.4.11\245ceca7bdf3190fbb977045c852d5f3c8efece1\accessors-smart-2.4.11.jar;C:\Users\farou\.gradle\caches\modules-2\files-2.1\org.opentest4j\opentest4j\1.2.0\28c11eb91f9b6d8e200631d46e20a7f407f2a046\opentest4j-1.2.0.jar;C:\Users\farou\.gradle\caches\modules-2\files-2.1\ch.qos.logback\logback-core\1.2.12\1d8e51a698b138065d73baefb4f94531faa323cb\logback-core-1.2.12.jar;C:\Users\farou\.gradle\caches\modules-2\files-2.1\org.apache.logging.log4j\log4j-api\2.17.2\f42d6afa111b4dec5d2aea0fe2197240749a4ea6\log4j-api-2.17.2.jar;C:\Users\farou\.gradle\caches\modules-2\files-2.1\org.ow2.asm\asm\9.3\8e6300ef51c1d801a7ed62d07cd221aca3a90640\asm-9.3.jar
PATH=C:\Windows\system32;C:\Windows;C:\Windows\System32\Wbem;C:\Windows\System32\WindowsPowerShell\v1.0\;C:\Windows\System32\OpenSSH\;C:\Program Files (x86)\NVIDIA Corporation\PhysX\Common;C:\Program Files\NVIDIA Corporation\NVIDIA NvDLISR;C:\WINDOWS\system32;C:\WINDOWS;C:\WINDOWS\System32\Wbem;C:\WINDOWS\System32\WindowsPowerShell\v1.0\;C:\WINDOWS\System32\OpenSSH\;C:\Program Files\Java\jdk-14.0.2\bin\bin;C:\Program Files\nodejs\;C:\Program Files (x86)\Microsoft SQL Server\160\Tools\Binn\;C:\Program Files\Microsoft SQL Server\160\Tools\Binn\;C:\Program Files\Microsoft SQL Server\Client SDK\ODBC\170\Tools\Binn\;C:\Program Files\Microsoft SQL Server\160\DTS\Binn\;C:\Program Files\Azure Data Studio\bin;C:\Program Files\Git\cmd;C:\Program Files\Docker\Docker\resources\bin;C:\Users\farou\AppData\Local\Microsoft\WindowsApps;C:\Users\farou\AppData\Local\Programs\Microsoft VS Code\bin;C:\Program Files\Java\jdk-14.0.2\bin;C:\Program Files\Java\jdk-18.0.2.1\bin;C:\flutter\bin;C:\Program Files\R\R-4.3.1\bin;C:\Users\farou\AppData\Roaming\npm;C:\Program Files\Azure Data Studio\bin;
USERNAME=farou
OS=Windows_NT
PROCESSOR_IDENTIFIER=AMD64 Family 23 Model 96 Stepping 1, AuthenticAMD



---------------  S Y S T E M  ---------------

OS:
 Windows 11 , 64 bit Build 22621 (10.0.22621.2215)
OS uptime: 0 days 2:37 hours
Hyper-V role detected

CPU: total 16 (initial active 16) (16 cores per cpu, 2 threads per core) family 23 model 96 stepping 1 microcode 0x0, cx8, cmov, fxsr, ht, mmx, 3dnowpref, sse, sse2, sse3, ssse3, sse4a, sse4.1, sse4.2, popcnt, lzcnt, tsc, tscinvbit, avx, avx2, aes, clmul, bmi1, bmi2, adx, sha, fma, vzeroupper, clflush, clflushopt, hv

Memory: 4k page, system-wide physical 15792M (4194M free)
TotalPageFile size 25008M (AvailPageFile size 6591M)
current process WorkingSet (physical memory assigned to process): 69M, peak: 69M
current process commit charge ("private bytes"): 358M, peak: 358M

vm_info: Java HotSpot(TM) 64-Bit Server VM (18.0.2.1+1-1) for windows-amd64 JRE (18.0.2.1+1-1), built on Aug 16 2022 01:46:33 by "mach5one" with MS VC++ 16.8 / 16.9 (VS2019)

END.
